2017-04-06 20:40:17 DEBUG Executable:75 - Setting cluster builder: com.datastax.dsegraphloader.api.ClusterBuilder@2173f6d9
2017-04-06 20:40:17 DEBUG SystemProperties:23 - com.datastax.driver.NEW_NODE_DELAY_SECONDS is undefined, using default value 1
2017-04-06 20:40:17 DEBUG SystemProperties:23 - com.datastax.driver.NOTIF_LOCK_TIMEOUT_SECONDS is undefined, using default value 60
2017-04-06 20:40:17 DEBUG SystemProperties:39 - com.datastax.driver.USE_NATIVE_CLOCK is undefined, using default value true
2017-04-06 20:40:17 INFO  ClockFactory:43 - Using native clock to generate timestamps.
2017-04-06 20:40:17 DEBUG SystemProperties:23 - com.datastax.driver.NON_BLOCKING_EXECUTOR_SIZE is undefined, using default value 2
2017-04-06 20:40:17 DEBUG Cluster:1397 - Starting new cluster with contact points [localhost/127.0.0.1:9042]
2017-04-06 20:40:18 DEBUG InternalLoggerFactory:71 - Using SLF4J as the default logging framework
2017-04-06 20:40:18 DEBUG PlatformDependent0:76 - java.nio.Buffer.address: available
2017-04-06 20:40:18 DEBUG PlatformDependent0:76 - sun.misc.Unsafe.theUnsafe: available
2017-04-06 20:40:18 DEBUG PlatformDependent0:71 - sun.misc.Unsafe.copyMemory: available
2017-04-06 20:40:18 DEBUG PlatformDependent0:76 - java.nio.Bits.unaligned: true
2017-04-06 20:40:18 DEBUG PlatformDependent0:76 - java.nio.DirectByteBuffer.<init>(long, int): available
2017-04-06 20:40:18 DEBUG PlatformDependent:76 - Java version: 8
2017-04-06 20:40:18 DEBUG PlatformDependent:76 - -Dio.netty.noUnsafe: false
2017-04-06 20:40:18 DEBUG PlatformDependent:76 - sun.misc.Unsafe: available
2017-04-06 20:40:18 DEBUG PlatformDependent:76 - -Dio.netty.noJavassist: false
2017-04-06 20:40:18 DEBUG PlatformDependent:71 - Javassist: unavailable
2017-04-06 20:40:18 DEBUG PlatformDependent:71 - You don't have Javassist in your class path or you don't have enough permission to load dynamically generated classes.  Please check the configuration for better performance.
2017-04-06 20:40:18 DEBUG PlatformDependent:76 - -Dio.netty.tmpdir: /tmp (java.io.tmpdir)
2017-04-06 20:40:18 DEBUG PlatformDependent:76 - -Dio.netty.bitMode: 64 (sun.arch.data.model)
2017-04-06 20:40:18 DEBUG PlatformDependent:76 - -Dio.netty.noPreferDirect: false
2017-04-06 20:40:18 DEBUG PlatformDependent:76 - io.netty.maxDirectMemory: 2005925888 bytes
2017-04-06 20:40:18 DEBUG SystemProperties:39 - com.datastax.driver.FORCE_NIO is undefined, using default value false
2017-04-06 20:40:18 DEBUG NativeLibraryLoader:71 - -Dio.netty.tmpdir: /tmp (java.io.tmpdir)
2017-04-06 20:40:18 DEBUG NativeLibraryLoader:71 - -Dio.netty.native.workdir: /tmp (io.netty.tmpdir)
2017-04-06 20:40:18 INFO  NettyUtil:70 - Found Netty's native epoll transport in the classpath, using it
2017-04-06 20:40:18 DEBUG MultithreadEventLoopGroup:76 - -Dio.netty.eventLoopThreads: 4
2017-04-06 20:40:18 DEBUG ResourceLeakDetector:81 - -Dio.netty.leakDetection.level: simple
2017-04-06 20:40:18 DEBUG ResourceLeakDetector:81 - -Dio.netty.leakDetection.maxRecords: 4
2017-04-06 20:40:18 DEBUG SystemProperties:39 - com.datastax.driver.EXTENDED_PEER_CHECK is undefined, using default value true
2017-04-06 20:40:18 DEBUG STATES:79 - [localhost/127.0.0.1:9042] preparing to open 1 new connections, total = 1
2017-04-06 20:40:18 DEBUG SystemProperties:39 - com.datastax.driver.DISABLE_COALESCING is undefined, using default value false
2017-04-06 20:40:18 DEBUG PooledByteBufAllocator:76 - -Dio.netty.allocator.numHeapArenas: 4
2017-04-06 20:40:18 DEBUG PooledByteBufAllocator:76 - -Dio.netty.allocator.numDirectArenas: 4
2017-04-06 20:40:18 DEBUG PooledByteBufAllocator:76 - -Dio.netty.allocator.pageSize: 8192
2017-04-06 20:40:18 DEBUG PooledByteBufAllocator:76 - -Dio.netty.allocator.maxOrder: 11
2017-04-06 20:40:18 DEBUG PooledByteBufAllocator:76 - -Dio.netty.allocator.chunkSize: 16777216
2017-04-06 20:40:18 DEBUG PooledByteBufAllocator:76 - -Dio.netty.allocator.tinyCacheSize: 512
2017-04-06 20:40:18 DEBUG PooledByteBufAllocator:76 - -Dio.netty.allocator.smallCacheSize: 256
2017-04-06 20:40:18 DEBUG PooledByteBufAllocator:76 - -Dio.netty.allocator.normalCacheSize: 64
2017-04-06 20:40:18 DEBUG PooledByteBufAllocator:76 - -Dio.netty.allocator.maxCachedBufferCapacity: 32768
2017-04-06 20:40:18 DEBUG PooledByteBufAllocator:76 - -Dio.netty.allocator.cacheTrimInterval: 8192
2017-04-06 20:40:18 DEBUG ThreadLocalRandom:71 - -Dio.netty.initialSeedUniquifier: 0x27b33b2641d8287a (took 0 ms)
2017-04-06 20:40:18 DEBUG ByteBufUtil:76 - -Dio.netty.allocator.type: unpooled
2017-04-06 20:40:18 DEBUG ByteBufUtil:76 - -Dio.netty.threadLocalDirectBufferSize: 65536
2017-04-06 20:40:18 DEBUG ByteBufUtil:76 - -Dio.netty.maxThreadLocalCharBufferSize: 16384
2017-04-06 20:40:18 DEBUG Connection:159 - Connection[localhost/127.0.0.1:9042-1, inFlight=0, closed=false] Connection established, initializing transport
2017-04-06 20:40:18 DEBUG Recycler:76 - -Dio.netty.recycler.maxCapacity.default: 262144
2017-04-06 20:40:18 DEBUG Recycler:76 - -Dio.netty.recycler.linkCapacity: 16
2017-04-06 20:40:18 DEBUG AbstractByteBuf:81 - -Dio.netty.buffer.bytebuf.checkAccessible: true
2017-04-06 20:40:18 DEBUG SystemProperties:23 - com.datastax.driver.NATIVE_TRANSPORT_MAX_FRAME_SIZE_IN_MB is undefined, using default value 256
2017-04-06 20:40:18 DEBUG STATES:311 - [localhost/127.0.0.1:9042] Connection[localhost/127.0.0.1:9042-1, inFlight=0, closed=false] Transport initialized, connection ready
2017-04-06 20:40:18 DEBUG ControlConnection:532 - [Control connection] Refreshing node list and token map
2017-04-06 20:40:18 DEBUG ControlConnection:266 - [Control connection] Refreshing schema
2017-04-06 20:40:18 DEBUG ReplicationStrategy$NetworkTopologyStrategy:114 - Computing token to replica map for keyspace: flatmapTest.
2017-04-06 20:40:18 DEBUG ReplicationStrategy$NetworkTopologyStrategy:202 - Token to replica map computation for keyspace flatmapTest completed in 0 milliseconds
2017-04-06 20:40:18 DEBUG ReplicationStrategy$NetworkTopologyStrategy:114 - Computing token to replica map for keyspace: dse_leases.
2017-04-06 20:40:18 DEBUG ReplicationStrategy$NetworkTopologyStrategy:202 - Token to replica map computation for keyspace dse_leases completed in 0 milliseconds
2017-04-06 20:40:18 DEBUG STATES:174 - [Control connection] established to localhost/127.0.0.1:9042
2017-04-06 20:40:18 INFO  DCAwareRoundRobinPolicy:86 - Using data-center name 'SearchGraph' for DCAwareRoundRobinPolicy (if this is incorrect, please provide the correct datacenter name with DCAwareRoundRobinPolicy constructor)
2017-04-06 20:40:18 INFO  Cluster:1549 - New Cassandra host /10.200.180.118:9042 added
2017-04-06 20:40:18 INFO  Cluster:1549 - New Cassandra host localhost/127.0.0.1:9042 added
2017-04-06 20:40:18 INFO  Cluster:1549 - New Cassandra host /10.200.180.116:9042 added
2017-04-06 20:40:18 DEBUG SystemProperties:39 - com.datastax.driver.CHECK_IO_DEADLOCKS is undefined, using default value true
2017-04-06 20:40:18 DEBUG STATES:79 - [ip-10-200-180-118.datastax.lan/10.200.180.118:9042] preparing to open 1 new connections, total = 1
2017-04-06 20:40:18 DEBUG STATES:79 - [localhost/127.0.0.1:9042] preparing to open 1 new connections, total = 2
2017-04-06 20:40:18 DEBUG STATES:79 - [/10.200.180.116:9042] preparing to open 1 new connections, total = 1
2017-04-06 20:40:18 DEBUG Connection:159 - Connection[localhost/127.0.0.1:9042-2, inFlight=0, closed=false] Connection established, initializing transport
2017-04-06 20:40:18 DEBUG STATES:311 - [localhost/127.0.0.1:9042] Connection[localhost/127.0.0.1:9042-2, inFlight=0, closed=false] Transport initialized, connection ready
2017-04-06 20:40:18 DEBUG Connection:159 - Connection[ip-10-200-180-118.datastax.lan/10.200.180.118:9042-1, inFlight=0, closed=false] Connection established, initializing transport
2017-04-06 20:40:18 DEBUG HostConnectionPool:143 - Created connection pool to host localhost/127.0.0.1:9042 (1 connections needed, 1 successfully opened)
2017-04-06 20:40:18 DEBUG Session:385 - Added connection pool for localhost/127.0.0.1:9042
2017-04-06 20:40:18 DEBUG Connection:159 - Connection[/10.200.180.116:9042-1, inFlight=0, closed=false] Connection established, initializing transport
2017-04-06 20:40:18 DEBUG STATES:311 - [ip-10-200-180-118.datastax.lan/10.200.180.118:9042] Connection[ip-10-200-180-118.datastax.lan/10.200.180.118:9042-1, inFlight=0, closed=false] Transport initialized, connection ready
2017-04-06 20:40:18 DEBUG HostConnectionPool:143 - Created connection pool to host ip-10-200-180-118.datastax.lan/10.200.180.118:9042 (1 connections needed, 1 successfully opened)
2017-04-06 20:40:18 DEBUG Session:385 - Added connection pool for ip-10-200-180-118.datastax.lan/10.200.180.118:9042
2017-04-06 20:40:18 DEBUG STATES:311 - [/10.200.180.116:9042] Connection[/10.200.180.116:9042-1, inFlight=0, closed=false] Transport initialized, connection ready
2017-04-06 20:40:18 DEBUG HostConnectionPool:143 - Created connection pool to host /10.200.180.116:9042 (1 connections needed, 1 successfully opened)
2017-04-06 20:40:18 DEBUG Session:385 - Added connection pool for /10.200.180.116:9042
2017-04-06 20:40:18 DEBUG Cluster:1654 - Shutting down
2017-04-06 20:40:18 DEBUG Connection:684 - Connection[localhost/127.0.0.1:9042-1, inFlight=0, closed=true] closing connection
2017-04-06 20:40:18 DEBUG STATES:87 - [localhost/127.0.0.1:9042] Connection[localhost/127.0.0.1:9042-1, inFlight=0, closed=true] closed, remaining = 1
2017-04-06 20:40:18 DEBUG Connection:684 - Connection[ip-10-200-180-118.datastax.lan/10.200.180.118:9042-1, inFlight=0, closed=true] closing connection
2017-04-06 20:40:18 DEBUG STATES:87 - [ip-10-200-180-118.datastax.lan/10.200.180.118:9042] Connection[ip-10-200-180-118.datastax.lan/10.200.180.118:9042-1, inFlight=0, closed=true] closed, remaining = 0
2017-04-06 20:40:18 DEBUG Connection:684 - Connection[localhost/127.0.0.1:9042-2, inFlight=0, closed=true] closing connection
2017-04-06 20:40:18 DEBUG STATES:87 - [localhost/127.0.0.1:9042] Connection[localhost/127.0.0.1:9042-2, inFlight=0, closed=true] closed, remaining = 0
2017-04-06 20:40:18 DEBUG Connection:684 - Connection[/10.200.180.116:9042-1, inFlight=0, closed=true] closing connection
2017-04-06 20:40:18 DEBUG STATES:87 - [/10.200.180.116:9042] Connection[/10.200.180.116:9042-1, inFlight=0, closed=true] closed, remaining = 0
2017-04-06 20:40:21 DEBUG PoolThreadCache:81 - Freed 4 thread-local buffer(s) from thread: cluster1-nio-worker-2
2017-04-06 20:40:21 DEBUG PoolThreadCache:81 - Freed 27 thread-local buffer(s) from thread: cluster1-nio-worker-0
2017-04-06 20:40:21 DEBUG SystemProperties:39 - com.datastax.driver.USE_NATIVE_CLOCK is undefined, using default value true
2017-04-06 20:40:21 INFO  ClockFactory:43 - Using native clock to generate timestamps.
2017-04-06 20:40:21 WARN  CodecRegistry:319 - Ignoring codec LineStringCodec ['org.apache.cassandra.db.marshal.LineStringType' <-> com.datastax.driver.dse.geometry.LineString] because it collides with previously registered codec LineStringCodec ['org.apache.cassandra.db.marshal.LineStringType' <-> com.datastax.driver.dse.geometry.LineString]
2017-04-06 20:40:21 WARN  CodecRegistry:319 - Ignoring codec PointCodec ['org.apache.cassandra.db.marshal.PointType' <-> com.datastax.driver.dse.geometry.Point] because it collides with previously registered codec PointCodec ['org.apache.cassandra.db.marshal.PointType' <-> com.datastax.driver.dse.geometry.Point]
2017-04-06 20:40:21 WARN  CodecRegistry:319 - Ignoring codec PolygonCodec ['org.apache.cassandra.db.marshal.PolygonType' <-> com.datastax.driver.dse.geometry.Polygon] because it collides with previously registered codec PolygonCodec ['org.apache.cassandra.db.marshal.PolygonType' <-> com.datastax.driver.dse.geometry.Polygon]
2017-04-06 20:40:21 DEBUG GroovyScriptExecutor:102 - Complete loading script: 
[1	]  // CONFIGURATION
[2	]  // Configures the data loader to create the schema
[3	]  config preparation: true, create_schema: false, load_new: true, schema_output: 'loader_output.txt'
[4	]  
[5	]  // DATA INPUT
[6	]  // Define the data input source (a file which can be specified via command line arguments)
[7	]  // inputfiledir is the directory for the input files
[8	]  
[9	]  inputfiledir = '/home/automaton/graph-examples/food/CSV/allRecipe/'
[10	]  authorInput = File.csv(inputfiledir + "vertices/author.csv").delimiter('|')
[11	]  bookInput = File.csv(inputfiledir + "vertices/book.csv").delimiter('|')
[12	]  ingredientInput = File.csv(inputfiledir + "vertices/ingredient.csv").delimiter('|')
[13	]  mealInput = File.csv(inputfiledir + "vertices/meal.csv").delimiter('|')
[14	]  recipeInput = File.csv(inputfiledir + "vertices/recipe.csv").delimiter('|')
[15	]  reviewerInput = File.csv(inputfiledir + "vertices/reviewer.csv").delimiter('|')
[16	]  
[17	]  authorBookInput = File.csv(inputfiledir + "edges/authorBookAuthored.csv").delimiter('|').header('aname','bname')
[18	]  authorRecipeInput = File.csv(inputfiledir + "edges/authorRecipeCreated.csv").delimiter('|').header('aname','rname')
[19	]  mealBookInput = File.csv(inputfiledir + "edges/mealBookIncludedIn.csv").delimiter('|').header('mname','bname')
[20	]  recipeBookInput = File.csv(inputfiledir + "edges/recipeBookIncludedIn.csv").delimiter('|').header('rname','bname')
[21	]  recipeIngredientInput = File.csv(inputfiledir + "edges/recipeIngredientIncludes.csv").delimiter('|').header('rname','iname','amount')
[22	]  recipeMealInput = File.csv(inputfiledir + "edges/recipeMealIncludedIn.csv").delimiter('|').header('rname','mname')
[23	]  reviewerRecipeInput = File.csv(inputfiledir + "edges/reviewerRecipeRated.csv").delimiter('|').header('name','rname','stars','timestamp','comment')
[24	]  
[25	]  //Specifies what data source to load using which mapper (as defined inline)
[26	]    
[27	]  load(authorInput).asVertices {
[28	]      label "author"
[29	]      key "name"
[30	]  }
[31	]  
[32	]  load(bookInput).asVertices {
[33	]      label "book"
[34	]      key "name"
[35	]  }
[36	]  
[37	]  load(ingredientInput).asVertices {
[38	]      label "ingredient"
[39	]      key "name"
[40	]  }
[41	]  
[42	]  load(mealInput).asVertices {
[43	]      label "meal"
[44	]      key "name"
[45	]  }
[46	]  
[47	]  load(recipeInput).asVertices {
[48	]      label "recipe"
[49	]      key "name"
[50	]  }
[51	]  
[52	]  load(reviewerInput).asVertices {
[53	]      label "reviewer"
[54	]      key "name"
[55	]  }
[56	]  
[57	]  load(authorBookInput).asEdges {
[58	]      label "authored"
[59	]      outV "aname", {
[60	]          label "author"
[61	]          key "name"
[62	]      }
[63	]      inV "bname", {
[64	]          label "book"
[65	]          key "name"
[66	]      }
[67	]  }
[68	]  
[69	]  load(authorRecipeInput).asEdges {
[70	]      label "created"
[71	]      outV "aname", {
[72	]          label "author"
[73	]          key "name"
[74	]      }
[75	]      inV "rname", {
[76	]          label "recipe"
[77	]          key "name"
[78	]      }
[79	]  }
[80	]  
[81	]  load(mealBookInput).asEdges {
[82	]      label "includedIn"
[83	]      outV "mname", {
[84	]          label "meal"
[85	]          key "name"
[86	]      }
[87	]      inV "bname", {
[88	]          label "book"
[89	]          key "name"
[90	]      }
[91	]  }
[92	]  
[93	]  load(recipeBookInput).asEdges {
[94	]      label "includedIn"
[95	]      outV "rname", {
[96	]          label "recipe"
[97	]          key "name"
[98	]      }
[99	]      inV "bname", {
[100	]          label "book"
[101	]          key "name"
[102	]      }
[103	]  }
[104	]  
[105	]  load(recipeIngredientInput).asEdges {
[106	]      label "includes"
[107	]      outV "rname", {
[108	]          label "recipe"
[109	]          key "name"
[110	]      }
[111	]      inV "iname", {
[112	]          label "ingredient"
[113	]          key "name"
[114	]      }
[115	]  }
[116	]  
[117	]  load(recipeMealInput).asEdges {
[118	]      label "includedIn"
[119	]      outV "rname", {
[120	]          label "recipe"
[121	]          key "name"
[122	]      }
[123	]      inV "mname", {
[124	]          label "meal"
[125	]          key "name"
[126	]      }
[127	]  }
[128	]  
[129	]  load(reviewerRecipeInput).asEdges {
[130	]      label "rated"
[131	]      outV "name", {
[132	]          label "reviewer"
[133	]          key "name"
[134	]      }
[135	]      inV "rname", {
[136	]          label "recipe"
[137	]          key "name"
[138	]      }
[139	]  }

2017-04-06 20:40:21 DEBUG Cluster:1397 - Starting new cluster with contact points [localhost/127.0.0.1:9042]
2017-04-06 20:40:21 DEBUG STATES:79 - [localhost/127.0.0.1:9042] preparing to open 1 new connections, total = 1
2017-04-06 20:40:21 DEBUG Connection:159 - Connection[localhost/127.0.0.1:9042-1, inFlight=0, closed=false] Connection established, initializing transport
2017-04-06 20:40:21 DEBUG STATES:311 - [localhost/127.0.0.1:9042] Connection[localhost/127.0.0.1:9042-1, inFlight=0, closed=false] Transport initialized, connection ready
2017-04-06 20:40:21 DEBUG ControlConnection:532 - [Control connection] Refreshing node list and token map
2017-04-06 20:40:21 DEBUG ControlConnection:266 - [Control connection] Refreshing schema
2017-04-06 20:40:21 DEBUG ReplicationStrategy$NetworkTopologyStrategy:114 - Computing token to replica map for keyspace: flatmapTest.
2017-04-06 20:40:21 DEBUG ReplicationStrategy$NetworkTopologyStrategy:202 - Token to replica map computation for keyspace flatmapTest completed in 0 milliseconds
2017-04-06 20:40:21 DEBUG ReplicationStrategy$NetworkTopologyStrategy:114 - Computing token to replica map for keyspace: dse_leases.
2017-04-06 20:40:21 DEBUG ReplicationStrategy$NetworkTopologyStrategy:202 - Token to replica map computation for keyspace dse_leases completed in 0 milliseconds
2017-04-06 20:40:21 DEBUG STATES:174 - [Control connection] established to localhost/127.0.0.1:9042
2017-04-06 20:40:21 INFO  DCAwareRoundRobinPolicy:86 - Using data-center name 'SearchGraph' for DCAwareRoundRobinPolicy (if this is incorrect, please provide the correct datacenter name with DCAwareRoundRobinPolicy constructor)
2017-04-06 20:40:21 INFO  Cluster:1549 - New Cassandra host /10.200.180.118:9042 added
2017-04-06 20:40:21 INFO  Cluster:1549 - New Cassandra host localhost/127.0.0.1:9042 added
2017-04-06 20:40:21 INFO  Cluster:1549 - New Cassandra host /10.200.180.116:9042 added
2017-04-06 20:40:21 DEBUG STATES:79 - [/10.200.180.118:9042] preparing to open 1 new connections, total = 1
2017-04-06 20:40:21 DEBUG STATES:79 - [localhost/127.0.0.1:9042] preparing to open 1 new connections, total = 2
2017-04-06 20:40:21 DEBUG STATES:79 - [/10.200.180.116:9042] preparing to open 1 new connections, total = 1
2017-04-06 20:40:21 DEBUG Connection:159 - Connection[localhost/127.0.0.1:9042-2, inFlight=0, closed=false] Connection established, initializing transport
2017-04-06 20:40:21 DEBUG STATES:311 - [localhost/127.0.0.1:9042] Connection[localhost/127.0.0.1:9042-2, inFlight=0, closed=false] Transport initialized, connection ready
2017-04-06 20:40:21 DEBUG HostConnectionPool:143 - Created connection pool to host localhost/127.0.0.1:9042 (1 connections needed, 1 successfully opened)
2017-04-06 20:40:21 DEBUG Session:385 - Added connection pool for localhost/127.0.0.1:9042
2017-04-06 20:40:21 DEBUG Connection:159 - Connection[/10.200.180.118:9042-1, inFlight=0, closed=false] Connection established, initializing transport
2017-04-06 20:40:21 DEBUG Connection:159 - Connection[/10.200.180.116:9042-1, inFlight=0, closed=false] Connection established, initializing transport
2017-04-06 20:40:21 DEBUG STATES:311 - [/10.200.180.118:9042] Connection[/10.200.180.118:9042-1, inFlight=0, closed=false] Transport initialized, connection ready
2017-04-06 20:40:21 DEBUG HostConnectionPool:143 - Created connection pool to host /10.200.180.118:9042 (1 connections needed, 1 successfully opened)
2017-04-06 20:40:21 DEBUG Session:385 - Added connection pool for /10.200.180.118:9042
2017-04-06 20:40:21 DEBUG STATES:311 - [/10.200.180.116:9042] Connection[/10.200.180.116:9042-1, inFlight=0, closed=false] Transport initialized, connection ready
2017-04-06 20:40:21 DEBUG HostConnectionPool:143 - Created connection pool to host /10.200.180.116:9042 (1 connections needed, 1 successfully opened)
2017-04-06 20:40:21 DEBUG Session:385 - Added connection pool for /10.200.180.116:9042
2017-04-06 20:40:22 DEBUG GraphJsonUtils:82 - JSR 310 found on the classpath, registering serializers for java.time temporal types
2017-04-06 20:40:22 INFO  DataLoaderImpl:200 - Initializing tasks with [1] read threads and [1] loader threads
2017-04-06 20:40:22 INFO  DataLoaderImpl:201 - Initializing tasks with [10] edge loading threads and [1] vertex loading threads
2017-04-06 20:40:22 INFO  DataLoaderImpl:171 - Scheduling [author] for reading
2017-04-06 20:40:22 INFO  DataLoaderImpl:171 - Scheduling [book] for reading
2017-04-06 20:40:22 INFO  DataLoaderImpl:171 - Scheduling [ingredient] for reading
2017-04-06 20:40:22 INFO  DataLoaderImpl:171 - Scheduling [meal] for reading
2017-04-06 20:40:22 INFO  DataLoaderImpl:171 - Scheduling [recipe] for reading
2017-04-06 20:40:22 INFO  DataLoaderImpl:171 - Scheduling [reviewer] for reading
2017-04-06 20:40:22 INFO  DataLoaderImpl:171 - Scheduling [authorBookAuthored] for reading
2017-04-06 20:40:22 INFO  DataLoaderImpl:171 - Scheduling [authorRecipeCreated] for reading
2017-04-06 20:40:22 INFO  DataLoaderImpl:171 - Scheduling [mealBookIncludedIn] for reading
2017-04-06 20:40:22 INFO  DataLoaderImpl:171 - Scheduling [recipeBookIncludedIn] for reading
2017-04-06 20:40:22 INFO  DataLoaderImpl:171 - Scheduling [recipeIngredientIncludes] for reading
2017-04-06 20:40:22 INFO  DataLoaderImpl:171 - Scheduling [recipeMealIncludedIn] for reading
2017-04-06 20:40:22 INFO  DataLoaderImpl:171 - Scheduling [reviewerRecipeRated] for reading
2017-04-06 20:40:22 INFO  DataLoaderImpl:262 - The following schema registrations will be added.
2017-04-06 20:40:22 INFO  DataLoaderImpl:264 - Adding schema registration: vertexLabel[ingredient] hasIncidence(propertyKey[name])
2017-04-06 20:40:22 INFO  DataLoaderImpl:264 - Adding schema registration: vertexLabel[recipe] hasIncidence(edgeLabel[includedIn]) vertexLabel[book]
2017-04-06 20:40:22 INFO  DataLoaderImpl:264 - Adding schema registration: vertexLabel[book] hasIncidence(propertyKey[year])
2017-04-06 20:40:22 INFO  DataLoaderImpl:264 - Adding schema registration: vertexLabel[meal] hasIncidence(edgeLabel[includedIn]) vertexLabel[book]
2017-04-06 20:40:22 INFO  DataLoaderImpl:264 - Adding schema registration: vertexLabel[recipe] hasIncidence(edgeLabel[includes]) vertexLabel[ingredient]
2017-04-06 20:40:22 INFO  DataLoaderImpl:264 - Adding schema registration: vertexLabel[meal] hasIncidence(propertyKey[calories])
2017-04-06 20:40:22 INFO  DataLoaderImpl:264 - Adding schema registration: vertexLabel[meal] hasIncidence(propertyKey[timestamp])
2017-04-06 20:40:22 INFO  DataLoaderImpl:264 - Adding schema registration: vertexLabel[recipe] hasIncidence(propertyKey[name])
2017-04-06 20:40:22 INFO  DataLoaderImpl:264 - Adding schema registration: vertexLabel[author] hasIncidence(propertyKey[gender])
2017-04-06 20:40:22 INFO  DataLoaderImpl:264 - Adding schema registration: vertexLabel[reviewer] hasIncidence(edgeLabel[rated]) vertexLabel[recipe]
2017-04-06 20:40:22 INFO  DataLoaderImpl:264 - Adding schema registration: vertexLabel[book] hasIncidence(propertyKey[ISBN])
2017-04-06 20:40:22 INFO  DataLoaderImpl:264 - Adding schema registration: edgeLabel[rated] hasIncidence(propertyKey[timestamp])
2017-04-06 20:40:22 INFO  DataLoaderImpl:264 - Adding schema registration: vertexLabel[reviewer] hasIncidence(propertyKey[name])
2017-04-06 20:40:22 INFO  DataLoaderImpl:264 - Adding schema registration: vertexLabel[author] hasIncidence(propertyKey[name])
2017-04-06 20:40:22 INFO  DataLoaderImpl:264 - Adding schema registration: vertexLabel[book] hasIncidence(propertyKey[name])
2017-04-06 20:40:22 INFO  DataLoaderImpl:264 - Adding schema registration: vertexLabel[meal] hasIncidence(propertyKey[name])
2017-04-06 20:40:22 INFO  DataLoaderImpl:264 - Adding schema registration: vertexLabel[recipe] hasIncidence(edgeLabel[includedIn]) vertexLabel[meal]
2017-04-06 20:40:22 INFO  DataLoaderImpl:264 - Adding schema registration: vertexLabel[author] hasIncidence(edgeLabel[created]) vertexLabel[recipe]
2017-04-06 20:40:22 INFO  DataLoaderImpl:264 - Adding schema registration: edgeLabel[rated] hasIncidence(propertyKey[stars])
2017-04-06 20:40:22 INFO  DataLoaderImpl:264 - Adding schema registration: vertexLabel[author] hasIncidence(edgeLabel[authored]) vertexLabel[book]
2017-04-06 20:40:22 INFO  DataLoaderImpl:264 - Adding schema registration: vertexLabel[recipe] hasIncidence(propertyKey[instructions])
2017-04-06 20:40:22 INFO  DataLoaderImpl:264 - Adding schema registration: edgeLabel[rated] hasIncidence(propertyKey[comment])
2017-04-06 20:40:22 INFO  DataLoaderImpl:264 - Adding schema registration: edgeLabel[includes] hasIncidence(propertyKey[amount])
2017-04-06 20:40:22 INFO  DataLoaderImpl:267 - Sum of loading statistics: LoadStatistic.Record[presentVertexCount=0,maybeVertexCount=0,absentVertexCount=231,edgeCount=85,vertexPropertyCount=262,elementPropertyCount=63]
2017-04-06 20:40:22 INFO  DataLoaderImpl:269 - Max load for weight [VERTEX (Sum of vertex counts)]: LoadStatistic.Record[presentVertexCount=0,maybeVertexCount=0,absentVertexCount=80,edgeCount=40,vertexPropertyCount=80,elementPropertyCount=39]
2017-04-06 20:40:22 INFO  DataLoaderImpl:269 - Max load for weight [TOTAL (Sum of vertex, edge, and vertex-property counts)]: LoadStatistic.Record[presentVertexCount=0,maybeVertexCount=0,absentVertexCount=80,edgeCount=40,vertexPropertyCount=80,elementPropertyCount=39]
2017-04-06 20:40:22 INFO  DataLoaderImpl:342 - Looking for vertexes in the following loads [author, book, ingredient, meal, recipe, reviewer, authorBookAuthored, authorRecipeCreated, mealBookIncludedIn, recipeBookIncludedIn, recipeIngredientIncludes, recipeMealIncludedIn, reviewerRecipeRated]
2017-04-06 20:40:22 INFO  DataLoaderImpl:200 - Initializing tasks with [1] read threads and [1] loader threads
2017-04-06 20:40:22 INFO  DataLoaderImpl:201 - Initializing tasks with [10] edge loading threads and [1] vertex loading threads
2017-04-06 20:40:22 INFO  DataLoaderImpl:171 - Scheduling [author] for reading
2017-04-06 20:40:22 INFO  DataLoaderImpl:171 - Scheduling [book] for reading
2017-04-06 20:40:22 INFO  DataLoaderImpl:171 - Scheduling [ingredient] for reading
2017-04-06 20:40:22 INFO  DataLoaderImpl:171 - Scheduling [meal] for reading
2017-04-06 20:40:22 INFO  DataLoaderImpl:171 - Scheduling [recipe] for reading
2017-04-06 20:40:22 INFO  DataLoaderImpl:171 - Scheduling [reviewer] for reading
2017-04-06 20:40:22 INFO  DataLoaderImpl:171 - Scheduling [authorBookAuthored] for reading
2017-04-06 20:40:22 INFO  DataLoaderImpl:171 - Scheduling [authorRecipeCreated] for reading
2017-04-06 20:40:22 INFO  DataLoaderImpl:171 - Scheduling [mealBookIncludedIn] for reading
2017-04-06 20:40:22 INFO  DataLoaderImpl:171 - Scheduling [recipeBookIncludedIn] for reading
2017-04-06 20:40:22 INFO  DataLoaderImpl:171 - Scheduling [recipeIngredientIncludes] for reading
2017-04-06 20:40:22 DEBUG Reporter:69 - Input queue [ingredient] throughput is [170.0533859016988] items/s
2017-04-06 20:40:22 DEBUG Reporter:69 - Input queue [authorRecipeCreated] throughput is [225.5340137995242] items/s
2017-04-06 20:40:22 DEBUG Reporter:69 - Input queue [author] throughput is [31.071103654239565] items/s
2017-04-06 20:40:22 DEBUG Reporter:69 - Input queue [recipeIngredientIncludes] throughput is [3582.553359221461] items/s
2017-04-06 20:40:22 DEBUG Reporter:69 - Input queue [book] throughput is [18.68982897171131] items/s
2017-04-06 20:40:22 DEBUG Reporter:69 - Input queue [reviewerRecipeRated] throughput is [17.68567522228965] items/s
2017-04-06 20:40:22 DEBUG Reporter:69 - Input queue [recipe] throughput is [74.28070304419869] items/s
2017-04-06 20:40:22 DEBUG Reporter:69 - Input queue [authorBookAuthored] throughput is [218.03422522876002] items/s
2017-04-06 20:40:22 DEBUG Reporter:69 - Input queue [recipeMealIncludedIn] throughput is [17.59580915334652] items/s
2017-04-06 20:40:22 DEBUG Reporter:69 - Input queue [reviewer] throughput is [69.27097261128264] items/s
2017-04-06 20:40:22 DEBUG Reporter:69 - Input queue [meal] throughput is [24.106001997551893] items/s
2017-04-06 20:40:22 DEBUG Reporter:69 - Input queue [mealBookIncludedIn] throughput is [134.10223981584008] items/s
2017-04-06 20:40:22 DEBUG Reporter:69 - Input queue [recipeBookIncludedIn] throughput is [340.10979424377774] items/s
2017-04-06 20:40:22 DEBUG Reporter:75 - Promoted 67 vertices to the persistent cache in 31ms avg put time: 0.4626865671641791ms
2017-04-06 20:40:22 DEBUG Reporter:120 - query times 15: p50 3823.0µs, p80 3823.0µs, p90 3823.0µs, p95 3823.0µs, p99 3823.0µs, p99.9 3823.0µs, p99.99 3823.0µs
2017-04-06 20:40:22 INFO  DataLoaderImpl:171 - Scheduling [recipeMealIncludedIn] for reading
2017-04-06 20:40:22 DEBUG Reporter:120 - cache lookups 199: p50 4.0µs, p80 4.6µs, p90 4.8µs, p95 4.9µs, p99 4.98µs, p99.9 4.998µs, p99.99 4.9998µs
2017-04-06 20:40:22 INFO  DataLoaderImpl:171 - Scheduling [reviewerRecipeRated] for reading
2017-04-06 20:40:22 INFO  Reporter:92 - ADD Request for 67 vertices 0 edges 0 properties 0 anonymous
2017-04-06 20:40:22 INFO  Reporter:97 - Current total additions: 67 vertices 0 edges 0 properties 0 anonymous
2017-04-06 20:40:22 INFO  Reporter:99 - 68 total elements written
2017-04-06 20:40:22 INFO  DataLoaderImpl:355 - Looking for relations in the following loads [author, book, ingredient, meal, recipe, reviewer, authorBookAuthored, authorRecipeCreated, mealBookIncludedIn, recipeBookIncludedIn, recipeIngredientIncludes, recipeMealIncludedIn, reviewerRecipeRated]
2017-04-06 20:40:22 INFO  DataLoaderImpl:200 - Initializing tasks with [1] read threads and [10] loader threads
2017-04-06 20:40:22 INFO  DataLoaderImpl:201 - Initializing tasks with [10] edge loading threads and [1] vertex loading threads
2017-04-06 20:40:22 INFO  DataLoaderImpl:171 - Scheduling [author] for reading
2017-04-06 20:40:23 INFO  DataLoaderImpl:171 - Scheduling [book] for reading
2017-04-06 20:40:23 DEBUG Reporter:69 - Input queue [author] throughput is [10.412579132803028] items/s
2017-04-06 20:40:23 DEBUG Reporter:69 - Input queue [book] throughput is [9.681875383328139] items/s
2017-04-06 20:40:23 DEBUG Reporter:69 - Input queue [reviewerRecipeRated] throughput is [8.199270831055687] items/s
2017-04-06 20:40:23 DEBUG Reporter:69 - Input queue [recipeMealIncludedIn] throughput is [8.170197852391189] items/s
2017-04-06 20:40:23 DEBUG Reporter:75 - Promoted 2 vertices to the persistent cache in 0ms avg put time: 0.0ms
2017-04-06 20:40:23 DEBUG Reporter:120 - query times 5: p50 9149.0µs, p80 9149.0µs, p90 9149.0µs, p95 9149.0µs, p99 9149.0µs, p99.9 9149.0µs, p99.99 9149.0µs
2017-04-06 20:40:23 DEBUG Reporter:120 - cache lookups 46: p50 6.0µs, p80 6.0µs, p90 6.0µs, p95 6.0µs, p99 6.0µs, p99.9 6.0µs, p99.99 6.0µs
2017-04-06 20:40:23 INFO  Reporter:92 - ADD Request for 2 vertices 0 edges 13 properties 0 anonymous
2017-04-06 20:40:23 INFO  Reporter:97 - Current total additions: 69 vertices 0 edges 13 properties 0 anonymous
2017-04-06 20:40:23 INFO  Reporter:99 - 82 total elements written
2017-04-06 20:40:23 INFO  DataLoaderImpl:171 - Scheduling [ingredient] for reading
2017-04-06 20:40:24 INFO  DataLoaderImpl:171 - Scheduling [meal] for reading
2017-04-06 20:40:24 INFO  DataLoaderImpl:171 - Scheduling [recipe] for reading
2017-04-06 20:40:24 DEBUG Reporter:69 - Input queue [ingredient] throughput is [34.728988851396345] items/s
2017-04-06 20:40:24 DEBUG Reporter:69 - Input queue [recipe] throughput is [21.550047855383145] items/s
2017-04-06 20:40:24 DEBUG Reporter:69 - Input queue [meal] throughput is [7.710371966925681] items/s
2017-04-06 20:40:24 DEBUG Reporter:120 - query times 5: p50 4534.0µs, p80 4534.0µs, p90 4534.0µs, p95 4534.0µs, p99 4534.0µs, p99.9 4534.0µs, p99.99 4534.0µs
2017-04-06 20:40:24 DEBUG Reporter:120 - cache lookups 42: p50 7.0µs, p80 7.0µs, p90 7.0µs, p95 7.0µs, p99 7.0µs, p99.9 7.0µs, p99.99 7.0µs
2017-04-06 20:40:24 INFO  Reporter:92 - ADD Request for 0 vertices 0 edges 11 properties 0 anonymous
2017-04-06 20:40:24 INFO  Reporter:97 - Current total additions: 69 vertices 0 edges 24 properties 0 anonymous
2017-04-06 20:40:24 INFO  Reporter:99 - 93 total elements written
2017-04-06 20:40:24 INFO  DataLoaderImpl:171 - Scheduling [reviewer] for reading
2017-04-06 20:40:24 INFO  DataLoaderImpl:171 - Scheduling [authorBookAuthored] for reading
2017-04-06 20:40:25 INFO  DataLoaderImpl:171 - Scheduling [authorRecipeCreated] for reading
2017-04-06 20:40:25 DEBUG Reporter:69 - Input queue [authorRecipeCreated] throughput is [27.74839950237747] items/s
2017-04-06 20:40:25 DEBUG Reporter:69 - Input queue [authorBookAuthored] throughput is [12.940707925615154] items/s
2017-04-06 20:40:25 DEBUG Reporter:69 - Input queue [reviewer] throughput is [5.863251701863628] items/s
2017-04-06 20:40:25 DEBUG Reporter:120 - query times 3: p50 8668.0µs, p80 8668.0µs, p90 8668.0µs, p95 8668.0µs, p99 8668.0µs, p99.9 8668.0µs, p99.99 8668.0µs
2017-04-06 20:40:25 DEBUG Reporter:120 - cache lookups 45: p50 4.0µs, p80 4.0µs, p90 4.0µs, p95 4.0µs, p99 4.0µs, p99.9 4.0µs, p99.99 4.0µs
2017-04-06 20:40:25 INFO  Reporter:92 - ADD Request for 0 vertices 20 edges 7 properties 0 anonymous
2017-04-06 20:40:25 INFO  Reporter:97 - Current total additions: 69 vertices 20 edges 31 properties 0 anonymous
2017-04-06 20:40:25 INFO  Reporter:99 - 120 total elements written
2017-04-06 20:40:25 INFO  DataLoaderImpl:171 - Scheduling [mealBookIncludedIn] for reading
2017-04-06 20:40:26 INFO  DataLoaderImpl:171 - Scheduling [recipeBookIncludedIn] for reading
2017-04-06 20:40:26 DEBUG Reporter:69 - Input queue [mealBookIncludedIn] throughput is [4.8600533011036635] items/s
2017-04-06 20:40:26 DEBUG Reporter:69 - Input queue [recipeBookIncludedIn] throughput is [16.165787470377285] items/s
2017-04-06 20:40:26 DEBUG Reporter:120 - query times 2: p50 11460.0µs, p80 11460.0µs, p90 11460.0µs, p95 11460.0µs, p99 11460.0µs, p99.9 11460.0µs, p99.99 11460.0µs
2017-04-06 20:40:26 DEBUG Reporter:120 - cache lookups 18: p50 3.0µs, p80 3.0µs, p90 3.0µs, p95 3.0µs, p99 3.0µs, p99.9 3.0µs, p99.99 3.0µs
2017-04-06 20:40:26 INFO  Reporter:92 - ADD Request for 0 vertices 4 edges 0 properties 0 anonymous
2017-04-06 20:40:26 INFO  Reporter:97 - Current total additions: 69 vertices 24 edges 31 properties 0 anonymous
2017-04-06 20:40:26 INFO  Reporter:99 - 124 total elements written
2017-04-06 20:40:26 INFO  DataLoaderImpl:171 - Scheduling [recipeIngredientIncludes] for reading
2017-04-06 20:40:26 INFO  DataLoaderImpl:171 - Scheduling [recipeMealIncludedIn] for reading
2017-04-06 20:40:27 INFO  DataLoaderImpl:171 - Scheduling [reviewerRecipeRated] for reading
2017-04-06 20:40:27 DEBUG Reporter:69 - Input queue [recipeIngredientIncludes] throughput is [50.44260606170487] items/s
2017-04-06 20:40:27 DEBUG Reporter:69 - Input queue [reviewerRecipeRated] throughput is [32.73093613729989] items/s
2017-04-06 20:40:27 DEBUG Reporter:69 - Input queue [recipeMealIncludedIn] throughput is [10.57271203561102] items/s
2017-04-06 20:40:27 DEBUG Reporter:120 - query times 8: p50 5134.0µs, p80 5134.0µs, p90 5134.0µs, p95 5134.0µs, p99 5134.0µs, p99.9 5134.0µs, p99.99 5134.0µs
2017-04-06 20:40:27 DEBUG Reporter:120 - cache lookups 112: p50 3.0µs, p80 3.0µs, p90 3.0µs, p95 3.0µs, p99 3.0µs, p99.9 3.0µs, p99.99 3.0µs
2017-04-06 20:40:27 INFO  Reporter:92 - ADD Request for 0 vertices 53 edges 0 properties 0 anonymous
2017-04-06 20:40:27 INFO  Reporter:97 - Current total additions: 69 vertices 77 edges 31 properties 0 anonymous
2017-04-06 20:40:27 INFO  Reporter:99 - 177 total elements written
2017-04-06 20:40:27 ERROR DataLoaderImpl:602 - Failed when finalizing loader, some items that were in the queue may not have been written
com.datastax.dsegraphloader.exception.LoadingException: com.datastax.driver.core.exceptions.InvalidQueryException: Value [stars] is not an instance of the expected data type or invalid for property key [stars] and cannot be converted. Expected: Int, found: class java.lang.String
	at com.datastax.dsegraphloader.impl.loader.driver.DseGraphDriverImpl.executeGraphQuery(DseGraphDriverImpl.java:143)
	at com.datastax.dsegraphloader.impl.loader.driver.DseGraphDriverImpl.add(DseGraphDriverImpl.java:425)
	at com.datastax.dsegraphloader.impl.loader.driver.SafeGraphDriver.lambda$tryAdd$27(SafeGraphDriver.java:132)
	at com.datastax.dsegraphloader.impl.loader.driver.SafeGraphDriver$$Lambda$62/1603065227.call(Unknown Source)
	at com.datastax.dsegraphloader.impl.loader.driver.SafeGraphDriver.tryDriverCall(SafeGraphDriver.java:62)
	at com.datastax.dsegraphloader.impl.loader.driver.SafeGraphDriver.tryAdd(SafeGraphDriver.java:123)
	at com.datastax.dsegraphloader.impl.loader.relations.RelationLoader.completeLoad(RelationLoader.java:49)
	at com.datastax.dsegraphloader.impl.loader.DataLoaderImpl$LoaderCallable.call(DataLoaderImpl.java:527)
	at com.datastax.dsegraphloader.impl.loader.DataLoaderImpl$DelegatingLoaderCallable.run(DataLoaderImpl.java:422)
	at java.util.concurrent.Executors$RunnableAdapter.call(Executors.java:511)
	at java.util.concurrent.FutureTask.run(FutureTask.java:266)
	at java.util.concurrent.ThreadPoolExecutor.runWorker(ThreadPoolExecutor.java:1142)
	at java.util.concurrent.ThreadPoolExecutor$Worker.run(ThreadPoolExecutor.java:617)
	at java.lang.Thread.run(Thread.java:745)
Caused by: com.datastax.driver.core.exceptions.InvalidQueryException: Value [stars] is not an instance of the expected data type or invalid for property key [stars] and cannot be converted. Expected: Int, found: class java.lang.String
	at com.datastax.driver.core.exceptions.InvalidQueryException.copy(InvalidQueryException.java:41)
	at com.datastax.driver.dse.DriverThrowables.propagateCause(DriverThrowables.java:29)
	at com.datastax.driver.dse.DefaultDseSession.executeGraph(DefaultDseSession.java:77)
	at com.datastax.dsegraphloader.impl.loader.driver.DseGraphDriverImpl.executeGraphQuery(DseGraphDriverImpl.java:134)
	... 13 more
Caused by: com.datastax.driver.core.exceptions.InvalidQueryException: Value [stars] is not an instance of the expected data type or invalid for property key [stars] and cannot be converted. Expected: Int, found: class java.lang.String
	at com.datastax.driver.core.Responses$Error.asException(Responses.java:131)
	at com.datastax.driver.core.DefaultResultSetFuture.onSet(DefaultResultSetFuture.java:170)
	at com.datastax.driver.core.RequestHandler.setFinalResult(RequestHandler.java:171)
	at com.datastax.driver.core.RequestHandler.access$2400(RequestHandler.java:40)
	at com.datastax.driver.core.RequestHandler$SpeculativeExecution.setFinalResult(RequestHandler.java:793)
	at com.datastax.driver.core.RequestHandler$SpeculativeExecution.onSet(RequestHandler.java:627)
	at com.datastax.driver.core.Connection$Dispatcher.channelRead0(Connection.java:1075)
	at com.datastax.driver.core.Connection$Dispatcher.channelRead0(Connection.java:992)
	at io.netty.channel.SimpleChannelInboundHandler.channelRead(SimpleChannelInboundHandler.java:105)
	at io.netty.channel.AbstractChannelHandlerContext.invokeChannelRead(AbstractChannelHandlerContext.java:342)
	at io.netty.channel.AbstractChannelHandlerContext.invokeChannelRead(AbstractChannelHandlerContext.java:328)
	at io.netty.channel.AbstractChannelHandlerContext.fireChannelRead(AbstractChannelHandlerContext.java:321)
	at io.netty.handler.timeout.IdleStateHandler.channelRead(IdleStateHandler.java:266)
	at io.netty.channel.AbstractChannelHandlerContext.invokeChannelRead(AbstractChannelHandlerContext.java:342)
	at io.netty.channel.AbstractChannelHandlerContext.invokeChannelRead(AbstractChannelHandlerContext.java:328)
	at io.netty.channel.AbstractChannelHandlerContext.fireChannelRead(AbstractChannelHandlerContext.java:321)
	at io.netty.handler.codec.MessageToMessageDecoder.channelRead(MessageToMessageDecoder.java:102)
	at io.netty.channel.AbstractChannelHandlerContext.invokeChannelRead(AbstractChannelHandlerContext.java:342)
	at io.netty.channel.AbstractChannelHandlerContext.invokeChannelRead(AbstractChannelHandlerContext.java:328)
	at io.netty.channel.AbstractChannelHandlerContext.fireChannelRead(AbstractChannelHandlerContext.java:321)
	at io.netty.handler.codec.ByteToMessageDecoder.fireChannelRead(ByteToMessageDecoder.java:293)
	at io.netty.handler.codec.ByteToMessageDecoder.channelRead(ByteToMessageDecoder.java:267)
	at io.netty.channel.AbstractChannelHandlerContext.invokeChannelRead(AbstractChannelHandlerContext.java:342)
	at io.netty.channel.AbstractChannelHandlerContext.invokeChannelRead(AbstractChannelHandlerContext.java:328)
	at io.netty.channel.AbstractChannelHandlerContext.fireChannelRead(AbstractChannelHandlerContext.java:321)
	at io.netty.channel.DefaultChannelPipeline$HeadContext.channelRead(DefaultChannelPipeline.java:1280)
	at io.netty.channel.AbstractChannelHandlerContext.invokeChannelRead(AbstractChannelHandlerContext.java:342)
	at io.netty.channel.AbstractChannelHandlerContext.invokeChannelRead(AbstractChannelHandlerContext.java:328)
	at io.netty.channel.DefaultChannelPipeline.fireChannelRead(DefaultChannelPipeline.java:890)
	at io.netty.channel.epoll.EpollSocketChannel$EpollSocketUnsafe.epollInReady(EpollSocketChannel.java:722)
	at io.netty.channel.epoll.EpollEventLoop.processReady(EpollEventLoop.java:326)
	at io.netty.channel.epoll.EpollEventLoop.run(EpollEventLoop.java:264)
	at io.netty.util.concurrent.SingleThreadEventExecutor$2.run(SingleThreadEventExecutor.java:112)
	at io.netty.util.concurrent.DefaultThreadFactory$DefaultRunnableDecorator.run(DefaultThreadFactory.java:145)
	... 1 more
2017-04-06 20:40:28 DEBUG Cluster:1654 - Shutting down
2017-04-06 20:40:28 DEBUG Connection:684 - Connection[localhost/127.0.0.1:9042-1, inFlight=0, closed=true] closing connection
2017-04-06 20:40:28 DEBUG STATES:87 - [localhost/127.0.0.1:9042] Connection[localhost/127.0.0.1:9042-1, inFlight=0, closed=true] closed, remaining = 1
2017-04-06 20:40:28 DEBUG Connection:684 - Connection[/10.200.180.118:9042-1, inFlight=0, closed=true] closing connection
2017-04-06 20:40:28 DEBUG STATES:87 - [/10.200.180.118:9042] Connection[/10.200.180.118:9042-1, inFlight=0, closed=true] closed, remaining = 0
2017-04-06 20:40:28 DEBUG Connection:684 - Connection[localhost/127.0.0.1:9042-2, inFlight=0, closed=true] closing connection
2017-04-06 20:40:28 DEBUG STATES:87 - [localhost/127.0.0.1:9042] Connection[localhost/127.0.0.1:9042-2, inFlight=0, closed=true] closed, remaining = 0
2017-04-06 20:40:28 DEBUG Connection:684 - Connection[/10.200.180.116:9042-1, inFlight=0, closed=true] closing connection
2017-04-06 20:40:28 DEBUG STATES:87 - [/10.200.180.116:9042] Connection[/10.200.180.116:9042-1, inFlight=0, closed=true] closed, remaining = 0
2017-04-06 20:40:28 DEBUG Reporter:120 - query times 3: p50 15037.0µs, p80 15037.0µs, p90 15037.0µs, p95 15037.0µs, p99 15037.0µs, p99.9 15037.0µs, p99.99 15037.0µs
2017-04-06 20:40:28 INFO  Reporter:92 - ADD Request for 0 vertices 7 edges 0 properties 0 anonymous
2017-04-06 20:40:28 INFO  Reporter:97 - Current total additions: 69 vertices 84 edges 31 properties 0 anonymous
2017-04-06 20:40:28 INFO  Reporter:99 - 184 total elements written
2017-04-06 20:40:30 DEBUG PoolThreadCache:81 - Freed 29 thread-local buffer(s) from thread: cluster2-nio-worker-0
2017-04-06 20:40:30 DEBUG PoolThreadCache:81 - Freed 15 thread-local buffer(s) from thread: cluster2-nio-worker-2
