2017-01-11 14:29:42 DEBUG Executable:64 - Setting cluster builder: com.datastax.dsegraphloader.api.ClusterBuilder@42eca56e
2017-01-11 14:29:42 DEBUG SystemProperties:32 - com.datastax.driver.NEW_NODE_DELAY_SECONDS is undefined, using default value 1
2017-01-11 14:29:42 DEBUG SystemProperties:32 - com.datastax.driver.NON_BLOCKING_EXECUTOR_SIZE is undefined, using default value 8
2017-01-11 14:29:42 DEBUG SystemProperties:32 - com.datastax.driver.NOTIF_LOCK_TIMEOUT_SECONDS is undefined, using default value 60
2017-01-11 14:29:42 DEBUG Cluster:1360 - Starting new cluster with contact points [localhost/127.0.0.1:9042]
2017-01-11 14:29:42 DEBUG InternalLoggerFactory:71 - Using SLF4J as the default logging framework
2017-01-11 14:29:42 DEBUG PlatformDependent0:76 - java.nio.Buffer.address: available
2017-01-11 14:29:42 DEBUG PlatformDependent0:76 - sun.misc.Unsafe.theUnsafe: available
2017-01-11 14:29:42 DEBUG PlatformDependent0:71 - sun.misc.Unsafe.copyMemory: available
2017-01-11 14:29:42 DEBUG PlatformDependent0:76 - java.nio.Bits.unaligned: true
2017-01-11 14:29:42 DEBUG PlatformDependent:76 - Java version: 8
2017-01-11 14:29:42 DEBUG PlatformDependent:76 - -Dio.netty.noUnsafe: false
2017-01-11 14:29:42 DEBUG PlatformDependent:76 - sun.misc.Unsafe: available
2017-01-11 14:29:42 DEBUG PlatformDependent:76 - -Dio.netty.noJavassist: false
2017-01-11 14:29:42 DEBUG PlatformDependent:71 - Javassist: unavailable
2017-01-11 14:29:42 DEBUG PlatformDependent:71 - You don't have Javassist in your class path or you don't have enough permission to load dynamically generated classes.  Please check the configuration for better performance.
2017-01-11 14:29:42 DEBUG PlatformDependent:76 - -Dio.netty.tmpdir: /var/folders/kt/8gksd2k94rd4f2x_8y4snnz40000gn/T (java.io.tmpdir)
2017-01-11 14:29:42 DEBUG PlatformDependent:76 - -Dio.netty.bitMode: 64 (sun.arch.data.model)
2017-01-11 14:29:42 DEBUG PlatformDependent:76 - -Dio.netty.noPreferDirect: false
2017-01-11 14:29:42 DEBUG SystemProperties:48 - com.datastax.driver.FORCE_NIO is undefined, using default value false
2017-01-11 14:29:42 WARN  NettyUtil:73 - Found Netty's native epoll transport, but not running on linux-based operating system. Using NIO instead.
2017-01-11 14:29:42 DEBUG MultithreadEventLoopGroup:76 - -Dio.netty.eventLoopThreads: 16
2017-01-11 14:29:42 DEBUG NioEventLoop:76 - -Dio.netty.noKeySetOptimization: false
2017-01-11 14:29:42 DEBUG NioEventLoop:76 - -Dio.netty.selectorAutoRebuildThreshold: 512
2017-01-11 14:29:42 DEBUG ResourceLeakDetector:81 - -Dio.netty.leakDetection.level: simple
2017-01-11 14:29:42 DEBUG ResourceLeakDetector:81 - -Dio.netty.leakDetection.maxRecords: 4
2017-01-11 14:29:42 DEBUG SystemProperties:48 - com.datastax.driver.EXTENDED_PEER_CHECK is undefined, using default value true
2017-01-11 14:29:42 DEBUG STATES:88 - [localhost/127.0.0.1:9042] preparing to open 1 new connections, total = 1
2017-01-11 14:29:42 DEBUG SystemProperties:48 - com.datastax.driver.DISABLE_COALESCING is undefined, using default value false
2017-01-11 14:29:42 DEBUG PooledByteBufAllocator:76 - -Dio.netty.allocator.numHeapArenas: 16
2017-01-11 14:29:42 DEBUG PooledByteBufAllocator:76 - -Dio.netty.allocator.numDirectArenas: 16
2017-01-11 14:29:42 DEBUG PooledByteBufAllocator:76 - -Dio.netty.allocator.pageSize: 8192
2017-01-11 14:29:42 DEBUG PooledByteBufAllocator:76 - -Dio.netty.allocator.maxOrder: 11
2017-01-11 14:29:42 DEBUG PooledByteBufAllocator:76 - -Dio.netty.allocator.chunkSize: 16777216
2017-01-11 14:29:42 DEBUG PooledByteBufAllocator:76 - -Dio.netty.allocator.tinyCacheSize: 512
2017-01-11 14:29:42 DEBUG PooledByteBufAllocator:76 - -Dio.netty.allocator.smallCacheSize: 256
2017-01-11 14:29:42 DEBUG PooledByteBufAllocator:76 - -Dio.netty.allocator.normalCacheSize: 64
2017-01-11 14:29:42 DEBUG PooledByteBufAllocator:76 - -Dio.netty.allocator.maxCachedBufferCapacity: 32768
2017-01-11 14:29:42 DEBUG PooledByteBufAllocator:76 - -Dio.netty.allocator.cacheTrimInterval: 8192
2017-01-11 14:29:42 DEBUG ThreadLocalRandom:71 - -Dio.netty.initialSeedUniquifier: 0x259fb4fe2c624f0b (took 6 ms)
2017-01-11 14:29:43 DEBUG ByteBufUtil:76 - -Dio.netty.allocator.type: unpooled
2017-01-11 14:29:43 DEBUG ByteBufUtil:76 - -Dio.netty.threadLocalDirectBufferSize: 65536
2017-01-11 14:29:43 DEBUG ByteBufUtil:76 - -Dio.netty.maxThreadLocalCharBufferSize: 16384
2017-01-11 14:29:43 DEBUG Connection:160 - Connection[localhost/127.0.0.1:9042-1, inFlight=0, closed=false] Connection established, initializing transport
2017-01-11 14:29:43 DEBUG Recycler:76 - -Dio.netty.recycler.maxCapacity.default: 262144
2017-01-11 14:29:43 DEBUG AbstractByteBuf:81 - -Dio.netty.buffer.bytebuf.checkAccessible: true
2017-01-11 14:29:43 DEBUG STATES:307 - [localhost/127.0.0.1:9042] Connection[localhost/127.0.0.1:9042-1, inFlight=0, closed=false] Transport initialized, connection ready
2017-01-11 14:29:43 DEBUG ControlConnection:534 - [Control connection] Refreshing node list and token map
2017-01-11 14:29:43 DEBUG ControlConnection:272 - [Control connection] Refreshing schema
2017-01-11 14:29:43 DEBUG ControlConnection:534 - [Control connection] Refreshing node list and token map
2017-01-11 14:29:43 DEBUG ReplicationStrategy$NetworkTopologyStrategy:123 - Computing token to replica map for keyspace: testexistsIsNew_system.
2017-01-11 14:29:43 DEBUG ReplicationStrategy$NetworkTopologyStrategy:211 - Token to replica map computation for keyspace testexistsIsNew_system completed in 0 milliseconds
2017-01-11 14:29:43 DEBUG STATES:183 - [Control connection] established to localhost/127.0.0.1:9042
2017-01-11 14:29:43 INFO  DCAwareRoundRobinPolicy:95 - Using data-center name 'SearchGraph' for DCAwareRoundRobinPolicy (if this is incorrect, please provide the correct datacenter name with DCAwareRoundRobinPolicy constructor)
2017-01-11 14:29:43 INFO  Cluster:1485 - New Cassandra host localhost/127.0.0.1:9042 added
2017-01-11 14:29:43 DEBUG SystemProperties:48 - com.datastax.driver.CHECK_IO_DEADLOCKS is undefined, using default value true
2017-01-11 14:29:43 DEBUG STATES:88 - [localhost/127.0.0.1:9042] preparing to open 1 new connections, total = 2
2017-01-11 14:29:43 DEBUG Connection:160 - Connection[localhost/127.0.0.1:9042-2, inFlight=0, closed=false] Connection established, initializing transport
2017-01-11 14:29:43 DEBUG STATES:307 - [localhost/127.0.0.1:9042] Connection[localhost/127.0.0.1:9042-2, inFlight=0, closed=false] Transport initialized, connection ready
2017-01-11 14:29:43 DEBUG HostConnectionPool:153 - Created connection pool to host localhost/127.0.0.1:9042 (1 connections needed, 1 successfully opened)
2017-01-11 14:29:43 DEBUG Session:368 - Added connection pool for localhost/127.0.0.1:9042
2017-01-11 14:29:43 DEBUG Cluster:2300 - Received event EVENT CREATED KEYSPACE testauthorBook, scheduling delivery
2017-01-11 14:29:43 DEBUG Cluster:2300 - Received event EVENT CREATED KEYSPACE testauthorBook_system, scheduling delivery
2017-01-11 14:29:43 DEBUG Cluster:2300 - Received event EVENT CREATED KEYSPACE testauthorBook_pvt, scheduling delivery
2017-01-11 14:29:43 DEBUG Cluster:2300 - Received event EVENT CREATED TABLE testauthorBook_system.dseg_variables, scheduling delivery
2017-01-11 14:29:43 DEBUG Cluster:2300 - Received event EVENT CREATED TABLE testauthorBook_system.shared_data, scheduling delivery
2017-01-11 14:29:43 DEBUG Cluster:2300 - Received event EVENT CREATED TABLE testauthorBook_system.shared_data_versions, scheduling delivery
2017-01-11 14:29:44 DEBUG Cluster:2300 - Received event EVENT CREATED TABLE testauthorBook.id_allocation, scheduling delivery
2017-01-11 14:29:44 DEBUG Cluster:2300 - Received event EVENT UPDATED TABLE testauthorBook_system.shared_data, scheduling delivery
2017-01-11 14:29:44 DEBUG Cluster:2300 - Received event EVENT UPDATED TABLE dse_system.shared_data, scheduling delivery
2017-01-11 14:29:44 DEBUG Cluster:2300 - Received event EVENT UPDATED TABLE dse_system.shared_data, scheduling delivery
2017-01-11 14:29:44 DEBUG GroovyScriptExecutor:102 - Complete loading script: 
[1	]  /* SAMPLE INPUT
[2	]  GraphML file is an XML  file
[3	]   */
[4	]  
[5	]  // CONFIGURATION
[6	]  // Configures the data loader to create the schema
[7	]  config create_schema: true, load_new: true
[8	]  
[9	]  // DATA INPUT
[10	]  // Define the data input source 
[11	]  // inputfiledir is the directory for the input files 
[12	]  
[13	]  inputfiledir = '/Users/lorinapoland/CLONES/graph-examples/food/GraphML/'
[14	]  recipeInput = Graph.file(inputfiledir + 'recipeTG.xml').graphml()
[15	]  
[16	]  //Specifies what data source to load using which mapper (as defined inline)
[17	]    
[18	]  load(recipeInput.vertices().withVertexId()).asVertices {
[19	]      labelField "~label"
[20	]      key "~id", "id"
[21	]  }
[22	]  
[23	]  load(recipeInput.edges().withVertexId()).asEdges {
[24	]      labelField "~label"
[25	]      outV "outV", {
[26	]          labelField "~label"
[27	]          key "~id", "id"
[28	]      }
[29	]      inV "inV", {
[30	]          labelField "~label"
[31	]          key "~id", "id"
[32	]      }
[33	]  }

2017-01-11 14:29:44 ERROR Executable:173 - Encountered error while loading
groovy.lang.MissingMethodException: No signature of method: com.datastax.dsegraphloader.api.GraphSource$VerticesBuilder.withVertexId() is applicable for argument types: () values: []
	at org.codehaus.groovy.runtime.ScriptBytecodeAdapter.unwrap(ScriptBytecodeAdapter.java:58)
	at org.codehaus.groovy.runtime.callsite.PojoMetaClassSite.call(PojoMetaClassSite.java:49)
	at org.codehaus.groovy.runtime.callsite.CallSiteArray.defaultCall(CallSiteArray.java:48)
	at org.codehaus.groovy.runtime.callsite.AbstractCallSite.call(AbstractCallSite.java:113)
	at org.codehaus.groovy.runtime.callsite.AbstractCallSite.call(AbstractCallSite.java:117)
	at Script1.run(Script1.groovy:18)
	at com.datastax.dsegraphloader.cli.GroovyScriptExecutor.evaluate(GroovyScriptExecutor.java:106)
	at com.datastax.dsegraphloader.cli.Executable.execute(Executable.java:72)
	at com.datastax.dsegraphloader.cli.Executable.main(Executable.java:171)
2017-01-11 14:32:37 DEBUG Executable:64 - Setting cluster builder: com.datastax.dsegraphloader.api.ClusterBuilder@42eca56e
2017-01-11 14:32:37 DEBUG SystemProperties:32 - com.datastax.driver.NEW_NODE_DELAY_SECONDS is undefined, using default value 1
2017-01-11 14:32:37 DEBUG SystemProperties:32 - com.datastax.driver.NON_BLOCKING_EXECUTOR_SIZE is undefined, using default value 8
2017-01-11 14:32:37 DEBUG SystemProperties:32 - com.datastax.driver.NOTIF_LOCK_TIMEOUT_SECONDS is undefined, using default value 60
2017-01-11 14:32:37 DEBUG Cluster:1360 - Starting new cluster with contact points [localhost/127.0.0.1:9042]
2017-01-11 14:32:37 DEBUG InternalLoggerFactory:71 - Using SLF4J as the default logging framework
2017-01-11 14:32:37 DEBUG PlatformDependent0:76 - java.nio.Buffer.address: available
2017-01-11 14:32:37 DEBUG PlatformDependent0:76 - sun.misc.Unsafe.theUnsafe: available
2017-01-11 14:32:37 DEBUG PlatformDependent0:71 - sun.misc.Unsafe.copyMemory: available
2017-01-11 14:32:37 DEBUG PlatformDependent0:76 - java.nio.Bits.unaligned: true
2017-01-11 14:32:37 DEBUG PlatformDependent:76 - Java version: 8
2017-01-11 14:32:37 DEBUG PlatformDependent:76 - -Dio.netty.noUnsafe: false
2017-01-11 14:32:37 DEBUG PlatformDependent:76 - sun.misc.Unsafe: available
2017-01-11 14:32:37 DEBUG PlatformDependent:76 - -Dio.netty.noJavassist: false
2017-01-11 14:32:37 DEBUG PlatformDependent:71 - Javassist: unavailable
2017-01-11 14:32:37 DEBUG PlatformDependent:71 - You don't have Javassist in your class path or you don't have enough permission to load dynamically generated classes.  Please check the configuration for better performance.
2017-01-11 14:32:37 DEBUG PlatformDependent:76 - -Dio.netty.tmpdir: /var/folders/kt/8gksd2k94rd4f2x_8y4snnz40000gn/T (java.io.tmpdir)
2017-01-11 14:32:37 DEBUG PlatformDependent:76 - -Dio.netty.bitMode: 64 (sun.arch.data.model)
2017-01-11 14:32:37 DEBUG PlatformDependent:76 - -Dio.netty.noPreferDirect: false
2017-01-11 14:32:37 DEBUG SystemProperties:48 - com.datastax.driver.FORCE_NIO is undefined, using default value false
2017-01-11 14:32:37 WARN  NettyUtil:73 - Found Netty's native epoll transport, but not running on linux-based operating system. Using NIO instead.
2017-01-11 14:32:37 DEBUG MultithreadEventLoopGroup:76 - -Dio.netty.eventLoopThreads: 16
2017-01-11 14:32:37 DEBUG NioEventLoop:76 - -Dio.netty.noKeySetOptimization: false
2017-01-11 14:32:37 DEBUG NioEventLoop:76 - -Dio.netty.selectorAutoRebuildThreshold: 512
2017-01-11 14:32:37 DEBUG ResourceLeakDetector:81 - -Dio.netty.leakDetection.level: simple
2017-01-11 14:32:37 DEBUG ResourceLeakDetector:81 - -Dio.netty.leakDetection.maxRecords: 4
2017-01-11 14:32:37 DEBUG SystemProperties:48 - com.datastax.driver.EXTENDED_PEER_CHECK is undefined, using default value true
2017-01-11 14:32:37 DEBUG STATES:88 - [localhost/127.0.0.1:9042] preparing to open 1 new connections, total = 1
2017-01-11 14:32:37 DEBUG SystemProperties:48 - com.datastax.driver.DISABLE_COALESCING is undefined, using default value false
2017-01-11 14:32:37 DEBUG PooledByteBufAllocator:76 - -Dio.netty.allocator.numHeapArenas: 16
2017-01-11 14:32:37 DEBUG PooledByteBufAllocator:76 - -Dio.netty.allocator.numDirectArenas: 16
2017-01-11 14:32:37 DEBUG PooledByteBufAllocator:76 - -Dio.netty.allocator.pageSize: 8192
2017-01-11 14:32:37 DEBUG PooledByteBufAllocator:76 - -Dio.netty.allocator.maxOrder: 11
2017-01-11 14:32:37 DEBUG PooledByteBufAllocator:76 - -Dio.netty.allocator.chunkSize: 16777216
2017-01-11 14:32:37 DEBUG PooledByteBufAllocator:76 - -Dio.netty.allocator.tinyCacheSize: 512
2017-01-11 14:32:37 DEBUG PooledByteBufAllocator:76 - -Dio.netty.allocator.smallCacheSize: 256
2017-01-11 14:32:37 DEBUG PooledByteBufAllocator:76 - -Dio.netty.allocator.normalCacheSize: 64
2017-01-11 14:32:37 DEBUG PooledByteBufAllocator:76 - -Dio.netty.allocator.maxCachedBufferCapacity: 32768
2017-01-11 14:32:37 DEBUG PooledByteBufAllocator:76 - -Dio.netty.allocator.cacheTrimInterval: 8192
2017-01-11 14:32:37 DEBUG ThreadLocalRandom:71 - -Dio.netty.initialSeedUniquifier: 0x891a892a5cd6ec39 (took 9 ms)
2017-01-11 14:32:37 DEBUG ByteBufUtil:76 - -Dio.netty.allocator.type: unpooled
2017-01-11 14:32:37 DEBUG ByteBufUtil:76 - -Dio.netty.threadLocalDirectBufferSize: 65536
2017-01-11 14:32:37 DEBUG ByteBufUtil:76 - -Dio.netty.maxThreadLocalCharBufferSize: 16384
2017-01-11 14:32:37 DEBUG Connection:160 - Connection[localhost/127.0.0.1:9042-1, inFlight=0, closed=false] Connection established, initializing transport
2017-01-11 14:32:37 DEBUG Recycler:76 - -Dio.netty.recycler.maxCapacity.default: 262144
2017-01-11 14:32:37 DEBUG AbstractByteBuf:81 - -Dio.netty.buffer.bytebuf.checkAccessible: true
2017-01-11 14:32:37 DEBUG STATES:307 - [localhost/127.0.0.1:9042] Connection[localhost/127.0.0.1:9042-1, inFlight=0, closed=false] Transport initialized, connection ready
2017-01-11 14:32:37 DEBUG ControlConnection:534 - [Control connection] Refreshing node list and token map
2017-01-11 14:32:37 DEBUG ControlConnection:272 - [Control connection] Refreshing schema
2017-01-11 14:32:37 DEBUG ControlConnection:534 - [Control connection] Refreshing node list and token map
2017-01-11 14:32:37 DEBUG ReplicationStrategy$NetworkTopologyStrategy:123 - Computing token to replica map for keyspace: testauthorBook_system.
2017-01-11 14:32:37 DEBUG ReplicationStrategy$NetworkTopologyStrategy:211 - Token to replica map computation for keyspace testauthorBook_system completed in 0 milliseconds
2017-01-11 14:32:37 DEBUG STATES:183 - [Control connection] established to localhost/127.0.0.1:9042
2017-01-11 14:32:37 INFO  DCAwareRoundRobinPolicy:95 - Using data-center name 'SearchGraph' for DCAwareRoundRobinPolicy (if this is incorrect, please provide the correct datacenter name with DCAwareRoundRobinPolicy constructor)
2017-01-11 14:32:37 INFO  Cluster:1485 - New Cassandra host localhost/127.0.0.1:9042 added
2017-01-11 14:32:37 DEBUG SystemProperties:48 - com.datastax.driver.CHECK_IO_DEADLOCKS is undefined, using default value true
2017-01-11 14:32:37 DEBUG STATES:88 - [localhost/127.0.0.1:9042] preparing to open 1 new connections, total = 2
2017-01-11 14:32:37 DEBUG Connection:160 - Connection[localhost/127.0.0.1:9042-2, inFlight=0, closed=false] Connection established, initializing transport
2017-01-11 14:32:37 DEBUG STATES:307 - [localhost/127.0.0.1:9042] Connection[localhost/127.0.0.1:9042-2, inFlight=0, closed=false] Transport initialized, connection ready
2017-01-11 14:32:37 DEBUG HostConnectionPool:153 - Created connection pool to host localhost/127.0.0.1:9042 (1 connections needed, 1 successfully opened)
2017-01-11 14:32:37 DEBUG Session:368 - Added connection pool for localhost/127.0.0.1:9042
2017-01-11 14:32:37 DEBUG GroovyScriptExecutor:102 - Complete loading script: 
[1	]  /* SAMPLE INPUT
[2	]  GraphML file is an XML  file
[3	]   */
[4	]  
[5	]  // CONFIGURATION
[6	]  // Configures the data loader to create the schema
[7	]  config create_schema: true, load_new: true
[8	]  
[9	]  // DATA INPUT
[10	]  // Define the data input source 
[11	]  // inputfiledir is the directory for the input files 
[12	]  
[13	]  inputfiledir = '/Users/lorinapoland/CLONES/graph-examples/food/GraphML/'
[14	]  recipeInput = Graph.file(inputfiledir + 'recipeTG.xml').graphml()
[15	]  
[16	]  //Specifies what data source to load using which mapper (as defined inline)
[17	]    
[18	]  //load(recipeInput.vertices().withVertexId()).asVertices {
[19	]  load(recipeInput.vertices().asVertices {
[20	]      labelField "~label"
[21	]      key "~id", "id"
[22	]  }
[23	]  
[24	]  //load(recipeInput.edges().withVertexId()).asEdges {
[25	]  load(recipeInput.edges().asEdges {
[26	]      labelField "~label"
[27	]      outV "outV", {
[28	]          labelField "~label"
[29	]          key "~id", "id"
[30	]      }
[31	]      inV "inV", {
[32	]          labelField "~label"
[33	]          key "~id", "id"
[34	]      }
[35	]  }

2017-01-11 14:32:38 ERROR Executable:173 - Encountered error while loading
org.codehaus.groovy.control.MultipleCompilationErrorsException: startup failed:
Script1.groovy: 25: unexpected token: load @ line 25, column 1.
   load(recipeInput.edges().asEdges {
   ^

1 error

	at org.codehaus.groovy.control.ErrorCollector.failIfErrors(ErrorCollector.java:310)
	at org.codehaus.groovy.control.ErrorCollector.addFatalError(ErrorCollector.java:150)
	at org.codehaus.groovy.control.ErrorCollector.addError(ErrorCollector.java:120)
	at org.codehaus.groovy.control.ErrorCollector.addError(ErrorCollector.java:132)
	at org.codehaus.groovy.control.SourceUnit.addError(SourceUnit.java:360)
	at org.codehaus.groovy.antlr.AntlrParserPlugin.transformCSTIntoAST(AntlrParserPlugin.java:145)
	at org.codehaus.groovy.antlr.AntlrParserPlugin.parseCST(AntlrParserPlugin.java:111)
	at org.codehaus.groovy.control.SourceUnit.parse(SourceUnit.java:237)
	at org.codehaus.groovy.control.CompilationUnit$1.call(CompilationUnit.java:167)
	at org.codehaus.groovy.control.CompilationUnit.applyToSourceUnits(CompilationUnit.java:931)
	at org.codehaus.groovy.control.CompilationUnit.doPhaseOperation(CompilationUnit.java:593)
	at org.codehaus.groovy.control.CompilationUnit.processPhaseOperations(CompilationUnit.java:569)
	at org.codehaus.groovy.control.CompilationUnit.compile(CompilationUnit.java:546)
	at groovy.lang.GroovyClassLoader.doParseClass(GroovyClassLoader.java:298)
	at groovy.lang.GroovyClassLoader.parseClass(GroovyClassLoader.java:268)
	at groovy.lang.GroovyShell.parseClass(GroovyShell.java:694)
	at groovy.lang.GroovyShell.parse(GroovyShell.java:706)
	at groovy.lang.GroovyShell.parse(GroovyShell.java:742)
	at groovy.lang.GroovyShell.parse(GroovyShell.java:733)
	at com.datastax.dsegraphloader.cli.GroovyScriptExecutor.evaluate(GroovyScriptExecutor.java:104)
	at com.datastax.dsegraphloader.cli.Executable.execute(Executable.java:72)
	at com.datastax.dsegraphloader.cli.Executable.main(Executable.java:171)
2017-01-11 14:33:34 DEBUG Executable:64 - Setting cluster builder: com.datastax.dsegraphloader.api.ClusterBuilder@553a3d88
2017-01-11 14:33:34 DEBUG SystemProperties:32 - com.datastax.driver.NEW_NODE_DELAY_SECONDS is undefined, using default value 1
2017-01-11 14:33:34 DEBUG SystemProperties:32 - com.datastax.driver.NON_BLOCKING_EXECUTOR_SIZE is undefined, using default value 8
2017-01-11 14:33:34 DEBUG SystemProperties:32 - com.datastax.driver.NOTIF_LOCK_TIMEOUT_SECONDS is undefined, using default value 60
2017-01-11 14:33:34 DEBUG Cluster:1360 - Starting new cluster with contact points [localhost/127.0.0.1:9042]
2017-01-11 14:33:34 DEBUG InternalLoggerFactory:71 - Using SLF4J as the default logging framework
2017-01-11 14:33:34 DEBUG PlatformDependent0:76 - java.nio.Buffer.address: available
2017-01-11 14:33:34 DEBUG PlatformDependent0:76 - sun.misc.Unsafe.theUnsafe: available
2017-01-11 14:33:34 DEBUG PlatformDependent0:71 - sun.misc.Unsafe.copyMemory: available
2017-01-11 14:33:34 DEBUG PlatformDependent0:76 - java.nio.Bits.unaligned: true
2017-01-11 14:33:34 DEBUG PlatformDependent:76 - Java version: 8
2017-01-11 14:33:34 DEBUG PlatformDependent:76 - -Dio.netty.noUnsafe: false
2017-01-11 14:33:34 DEBUG PlatformDependent:76 - sun.misc.Unsafe: available
2017-01-11 14:33:34 DEBUG PlatformDependent:76 - -Dio.netty.noJavassist: false
2017-01-11 14:33:34 DEBUG PlatformDependent:71 - Javassist: unavailable
2017-01-11 14:33:34 DEBUG PlatformDependent:71 - You don't have Javassist in your class path or you don't have enough permission to load dynamically generated classes.  Please check the configuration for better performance.
2017-01-11 14:33:34 DEBUG PlatformDependent:76 - -Dio.netty.tmpdir: /var/folders/kt/8gksd2k94rd4f2x_8y4snnz40000gn/T (java.io.tmpdir)
2017-01-11 14:33:34 DEBUG PlatformDependent:76 - -Dio.netty.bitMode: 64 (sun.arch.data.model)
2017-01-11 14:33:34 DEBUG PlatformDependent:76 - -Dio.netty.noPreferDirect: false
2017-01-11 14:33:34 DEBUG SystemProperties:48 - com.datastax.driver.FORCE_NIO is undefined, using default value false
2017-01-11 14:33:34 WARN  NettyUtil:73 - Found Netty's native epoll transport, but not running on linux-based operating system. Using NIO instead.
2017-01-11 14:33:34 DEBUG MultithreadEventLoopGroup:76 - -Dio.netty.eventLoopThreads: 16
2017-01-11 14:33:34 DEBUG NioEventLoop:76 - -Dio.netty.noKeySetOptimization: false
2017-01-11 14:33:34 DEBUG NioEventLoop:76 - -Dio.netty.selectorAutoRebuildThreshold: 512
2017-01-11 14:33:34 DEBUG ResourceLeakDetector:81 - -Dio.netty.leakDetection.level: simple
2017-01-11 14:33:34 DEBUG ResourceLeakDetector:81 - -Dio.netty.leakDetection.maxRecords: 4
2017-01-11 14:33:34 DEBUG SystemProperties:48 - com.datastax.driver.EXTENDED_PEER_CHECK is undefined, using default value true
2017-01-11 14:33:34 DEBUG STATES:88 - [localhost/127.0.0.1:9042] preparing to open 1 new connections, total = 1
2017-01-11 14:33:34 DEBUG SystemProperties:48 - com.datastax.driver.DISABLE_COALESCING is undefined, using default value false
2017-01-11 14:33:34 DEBUG PooledByteBufAllocator:76 - -Dio.netty.allocator.numHeapArenas: 16
2017-01-11 14:33:34 DEBUG PooledByteBufAllocator:76 - -Dio.netty.allocator.numDirectArenas: 16
2017-01-11 14:33:34 DEBUG PooledByteBufAllocator:76 - -Dio.netty.allocator.pageSize: 8192
2017-01-11 14:33:34 DEBUG PooledByteBufAllocator:76 - -Dio.netty.allocator.maxOrder: 11
2017-01-11 14:33:34 DEBUG PooledByteBufAllocator:76 - -Dio.netty.allocator.chunkSize: 16777216
2017-01-11 14:33:34 DEBUG PooledByteBufAllocator:76 - -Dio.netty.allocator.tinyCacheSize: 512
2017-01-11 14:33:34 DEBUG PooledByteBufAllocator:76 - -Dio.netty.allocator.smallCacheSize: 256
2017-01-11 14:33:34 DEBUG PooledByteBufAllocator:76 - -Dio.netty.allocator.normalCacheSize: 64
2017-01-11 14:33:34 DEBUG PooledByteBufAllocator:76 - -Dio.netty.allocator.maxCachedBufferCapacity: 32768
2017-01-11 14:33:34 DEBUG PooledByteBufAllocator:76 - -Dio.netty.allocator.cacheTrimInterval: 8192
2017-01-11 14:33:34 DEBUG ThreadLocalRandom:71 - -Dio.netty.initialSeedUniquifier: 0x92f025c9fb535d1d (took 6 ms)
2017-01-11 14:33:34 DEBUG ByteBufUtil:76 - -Dio.netty.allocator.type: unpooled
2017-01-11 14:33:34 DEBUG ByteBufUtil:76 - -Dio.netty.threadLocalDirectBufferSize: 65536
2017-01-11 14:33:34 DEBUG ByteBufUtil:76 - -Dio.netty.maxThreadLocalCharBufferSize: 16384
2017-01-11 14:33:34 DEBUG Connection:160 - Connection[localhost/127.0.0.1:9042-1, inFlight=0, closed=false] Connection established, initializing transport
2017-01-11 14:33:34 DEBUG Recycler:76 - -Dio.netty.recycler.maxCapacity.default: 262144
2017-01-11 14:33:34 DEBUG AbstractByteBuf:81 - -Dio.netty.buffer.bytebuf.checkAccessible: true
2017-01-11 14:33:34 DEBUG STATES:307 - [localhost/127.0.0.1:9042] Connection[localhost/127.0.0.1:9042-1, inFlight=0, closed=false] Transport initialized, connection ready
2017-01-11 14:33:34 DEBUG ControlConnection:534 - [Control connection] Refreshing node list and token map
2017-01-11 14:33:34 DEBUG ControlConnection:272 - [Control connection] Refreshing schema
2017-01-11 14:33:34 DEBUG ControlConnection:534 - [Control connection] Refreshing node list and token map
2017-01-11 14:33:34 DEBUG ReplicationStrategy$NetworkTopologyStrategy:123 - Computing token to replica map for keyspace: testauthorBook_system.
2017-01-11 14:33:34 DEBUG ReplicationStrategy$NetworkTopologyStrategy:211 - Token to replica map computation for keyspace testauthorBook_system completed in 0 milliseconds
2017-01-11 14:33:34 DEBUG STATES:183 - [Control connection] established to localhost/127.0.0.1:9042
2017-01-11 14:33:34 INFO  DCAwareRoundRobinPolicy:95 - Using data-center name 'SearchGraph' for DCAwareRoundRobinPolicy (if this is incorrect, please provide the correct datacenter name with DCAwareRoundRobinPolicy constructor)
2017-01-11 14:33:34 INFO  Cluster:1485 - New Cassandra host localhost/127.0.0.1:9042 added
2017-01-11 14:33:34 DEBUG SystemProperties:48 - com.datastax.driver.CHECK_IO_DEADLOCKS is undefined, using default value true
2017-01-11 14:33:34 DEBUG STATES:88 - [localhost/127.0.0.1:9042] preparing to open 1 new connections, total = 2
2017-01-11 14:33:34 DEBUG Connection:160 - Connection[localhost/127.0.0.1:9042-2, inFlight=0, closed=false] Connection established, initializing transport
2017-01-11 14:33:34 DEBUG STATES:307 - [localhost/127.0.0.1:9042] Connection[localhost/127.0.0.1:9042-2, inFlight=0, closed=false] Transport initialized, connection ready
2017-01-11 14:33:34 DEBUG HostConnectionPool:153 - Created connection pool to host localhost/127.0.0.1:9042 (1 connections needed, 1 successfully opened)
2017-01-11 14:33:34 DEBUG Session:368 - Added connection pool for localhost/127.0.0.1:9042
2017-01-11 14:33:35 DEBUG GroovyScriptExecutor:102 - Complete loading script: 
[1	]  /* SAMPLE INPUT
[2	]  GraphML file is an XML  file
[3	]   */
[4	]  
[5	]  // CONFIGURATION
[6	]  // Configures the data loader to create the schema
[7	]  config create_schema: true, load_new: true
[8	]  
[9	]  // DATA INPUT
[10	]  // Define the data input source 
[11	]  // inputfiledir is the directory for the input files 
[12	]  
[13	]  inputfiledir = '/Users/lorinapoland/CLONES/graph-examples/food/GraphML/'
[14	]  recipeInput = Graph.file(inputfiledir + 'recipeTG.xml').graphml()
[15	]  
[16	]  //Specifies what data source to load using which mapper (as defined inline)
[17	]    
[18	]  //load(recipeInput.vertices().withVertexId()).asVertices {
[19	]  load(recipeInput.vertices()).asVertices {
[20	]      labelField "~label"
[21	]      key "~id", "id"
[22	]  }
[23	]  
[24	]  //load(recipeInput.edges().withVertexId()).asEdges {
[25	]  load(recipeInput.edges()).asEdges {
[26	]      labelField "~label"
[27	]      outV "outV", {
[28	]          labelField "~label"
[29	]          key "~id", "id"
[30	]      }
[31	]      inV "inV", {
[32	]          labelField "~label"
[33	]          key "~id", "id"
[34	]      }
[35	]  }

2017-01-11 14:33:35 DEBUG STATES:88 - [localhost/127.0.0.1:9042] preparing to open 1 new connections, total = 3
2017-01-11 14:33:35 DEBUG Connection:160 - Connection[localhost/127.0.0.1:9042-3, inFlight=0, closed=false] Connection established, initializing transport
2017-01-11 14:33:35 DEBUG STATES:307 - [localhost/127.0.0.1:9042] Connection[localhost/127.0.0.1:9042-3, inFlight=0, closed=false] Transport initialized, connection ready
2017-01-11 14:33:35 DEBUG HostConnectionPool:153 - Created connection pool to host localhost/127.0.0.1:9042 (1 connections needed, 1 successfully opened)
2017-01-11 14:33:35 DEBUG Session:368 - Added connection pool for localhost/127.0.0.1:9042
2017-01-11 14:33:35 INFO  DataLoaderImpl:193 - Initializing tasks with [1] read threads and [1] loader threads
2017-01-11 14:33:35 INFO  DataLoaderImpl:164 - Scheduling [recipeTG] for reading
2017-01-11 14:33:35 INFO  DataLoaderImpl:164 - Scheduling [recipeTG] for reading
2017-01-11 14:33:35 WARN  DataLoaderImpl:242 - The following schema elements will be added. It is STRONGLY advised to create schema elements explicitly prior to data loading.
2017-01-11 14:33:35 INFO  DataLoaderImpl:244 - Adding schema element: propertyKey[instructions]:String
2017-01-11 14:33:35 INFO  DataLoaderImpl:244 - Adding schema element: propertyKey[ISBN]:String
2017-01-11 14:33:35 INFO  DataLoaderImpl:244 - Adding schema element: propertyKey[gender]:String
2017-01-11 14:33:35 INFO  DataLoaderImpl:244 - Adding schema element: propertyKey[year]:Integer
2017-01-11 14:33:35 INFO  DataLoaderImpl:244 - Adding schema element: propertyKey[name]:String
2017-01-11 14:33:35 INFO  DataLoaderImpl:244 - Adding schema element: propertyKey[id]:String
2017-01-11 14:33:35 INFO  DataLoaderImpl:244 - Adding schema element: vertexLabel[author]
2017-01-11 14:33:35 INFO  DataLoaderImpl:244 - Adding schema element: vertexLabel[book]
2017-01-11 14:33:35 INFO  DataLoaderImpl:244 - Adding schema element: vertexLabel[recipe]
2017-01-11 14:33:35 INFO  DataLoaderImpl:244 - Adding schema element: edgeLabel[authored]
2017-01-11 14:33:35 INFO  DataLoaderImpl:244 - Adding schema element: edgeLabel[created]
2017-01-11 14:33:35 WARN  DataLoaderImpl:248 - The following indexes will be added. It is STRONGLY advised to create indexes explicitly prior to data loading.
2017-01-11 14:33:35 INFO  DataLoaderImpl:250 - Adding index: vertexLabel[recipe][id]
2017-01-11 14:33:35 INFO  DataLoaderImpl:250 - Adding index: vertexLabel[book][id]
2017-01-11 14:33:35 INFO  DataLoaderImpl:250 - Adding index: vertexLabel[author][id]
2017-01-11 14:33:35 INFO  DataLoaderImpl:254 - The following schema registrations will be added.
2017-01-11 14:33:35 INFO  DataLoaderImpl:256 - Adding schema registration: vertexLabel[author] hasIncidence(propertyKey[name]:String)
2017-01-11 14:33:35 INFO  DataLoaderImpl:256 - Adding schema registration: vertexLabel[author] hasIncidence(edgeLabel[authored]) vertexLabel[book]
2017-01-11 14:33:35 INFO  DataLoaderImpl:256 - Adding schema registration: vertexLabel[book] hasIncidence(propertyKey[ISBN]:String)
2017-01-11 14:33:35 INFO  DataLoaderImpl:256 - Adding schema registration: vertexLabel[book] hasIncidence(propertyKey[id]:String)
2017-01-11 14:33:35 INFO  DataLoaderImpl:256 - Adding schema registration: vertexLabel[recipe] hasIncidence(propertyKey[instructions]:String)
2017-01-11 14:33:35 INFO  DataLoaderImpl:256 - Adding schema registration: vertexLabel[author] hasIncidence(propertyKey[id]:String)
2017-01-11 14:33:35 INFO  DataLoaderImpl:256 - Adding schema registration: vertexLabel[author] hasIncidence(edgeLabel[created]) vertexLabel[recipe]
2017-01-11 14:33:35 INFO  DataLoaderImpl:256 - Adding schema registration: vertexLabel[recipe] hasIncidence(propertyKey[name]:String)
2017-01-11 14:33:35 INFO  DataLoaderImpl:256 - Adding schema registration: vertexLabel[book] hasIncidence(propertyKey[name]:String)
2017-01-11 14:33:35 INFO  DataLoaderImpl:256 - Adding schema registration: edgeLabel[created] hasIncidence(propertyKey[year]:Integer)
2017-01-11 14:33:35 INFO  DataLoaderImpl:256 - Adding schema registration: vertexLabel[recipe] hasIncidence(propertyKey[id]:String)
2017-01-11 14:33:35 INFO  DataLoaderImpl:256 - Adding schema registration: vertexLabel[book] hasIncidence(propertyKey[year]:Integer)
2017-01-11 14:33:35 INFO  DataLoaderImpl:256 - Adding schema registration: vertexLabel[author] hasIncidence(propertyKey[gender]:String)
2017-01-11 14:33:35 INFO  DataLoaderImpl:259 - Sum of loading statistics: LoadStatistic.Record[presentVertexCount=0,maybeVertexCount=0,absentVertexCount=58,edgeCount=18,vertexPropertyCount=105,elementPropertyCount=8]
2017-01-11 14:33:35 INFO  DataLoaderImpl:261 - Max load for weight [VERTEX (Sum of vertex counts)]: LoadStatistic.Record[presentVertexCount=0,maybeVertexCount=0,absentVertexCount=36,edgeCount=18,vertexPropertyCount=36,elementPropertyCount=8]
2017-01-11 14:33:35 INFO  DataLoaderImpl:261 - Max load for weight [TOTAL (Sum of vertex, edge, and vertex-property counts)]: LoadStatistic.Record[presentVertexCount=0,maybeVertexCount=0,absentVertexCount=22,edgeCount=0,vertexPropertyCount=69,elementPropertyCount=0]
2017-01-11 14:33:35 DEBUG Cluster:2300 - Received event EVENT CREATED TABLE testauthorBook.author_p, scheduling delivery
2017-01-11 14:33:35 DEBUG Cluster:2300 - Received event EVENT CREATED TABLE testauthorBook.author_e, scheduling delivery
2017-01-11 14:33:35 DEBUG Cluster:2300 - Received event EVENT CREATED TABLE testauthorBook.book_p, scheduling delivery
2017-01-11 14:33:36 DEBUG Cluster:2300 - Received event EVENT CREATED TABLE testauthorBook.book_e, scheduling delivery
2017-01-11 14:33:36 DEBUG Cluster:2300 - Received event EVENT CREATED TABLE testauthorBook.recipe_p, scheduling delivery
2017-01-11 14:33:36 DEBUG Cluster:2300 - Received event EVENT CREATED TABLE testauthorBook.recipe_e, scheduling delivery
2017-01-11 14:33:36 DEBUG Cluster:2300 - Received event EVENT CREATED TABLE testauthorBook.author_p_byid, scheduling delivery
2017-01-11 14:33:36 DEBUG Cluster:2300 - Received event EVENT CREATED TABLE testauthorBook.book_p_byid, scheduling delivery
2017-01-11 14:33:36 DEBUG Reporter:69 - Input queue [recipeTG] throughput is [20.702339948220136] items/s
2017-01-11 14:33:36 DEBUG Reporter:120 - query times 3: p50 4422.0µs, p80 4422.0µs, p90 4422.0µs, p95 4422.0µs, p99 4422.0µs, p99.9 4422.0µs, p99.99 4422.0µs
2017-01-11 14:33:36 DEBUG Cluster:2300 - Received event EVENT CREATED TABLE testauthorBook.recipe_p_byid, scheduling delivery
2017-01-11 14:33:36 DEBUG Cluster:2300 - Received event EVENT UPDATED TABLE testauthorBook_system.shared_data, scheduling delivery
2017-01-11 14:33:36 DEBUG Cluster:2300 - Received event EVENT UPDATED TABLE testauthorBook_system.shared_data, scheduling delivery
2017-01-11 14:33:36 INFO  DataLoaderImpl:286 - The following schema changes were executed:
schema.propertyKey('instructions').Text().single().create()
schema.propertyKey('ISBN').Text().single().create()
schema.propertyKey('gender').Text().single().create()
schema.propertyKey('year').Int().single().create()
schema.propertyKey('name').Text().single().create()
schema.propertyKey('id').Text().single().create()
schema.vertexLabel('author').properties('name', 'id', 'gender').create()
schema.vertexLabel('book').properties('ISBN', 'id', 'name', 'year').create()
schema.vertexLabel('recipe').properties('instructions', 'name', 'id').create()
schema.edgeLabel('authored').connection('author', 'book').create()
schema.edgeLabel('created').properties('year').connection('author', 'recipe').create()
schema.vertexLabel('recipe').index('byid').materialized().by('id').add()
schema.vertexLabel('book').index('byid').materialized().by('id').add()
schema.vertexLabel('author').index('byid').materialized().by('id').add()

2017-01-11 14:33:36 DEBUG GraphJsonUtils:63 - JSR 310 found on the classpath, registering serializers for java.time temporal types
2017-01-11 14:33:36 DEBUG GraphJsonUtils:69 - Tinkerpop API found on the classpath, registering Tinkerpop serializers
2017-01-11 14:33:36 INFO  DataLoaderImpl:334 - Looking for vertexes in the following loads [recipeTG, recipeTG]
2017-01-11 14:33:36 INFO  DataLoaderImpl:193 - Initializing tasks with [1] read threads and [1] loader threads
2017-01-11 14:33:36 INFO  DataLoaderImpl:164 - Scheduling [recipeTG] for reading
2017-01-11 14:33:37 INFO  DataLoaderImpl:164 - Scheduling [recipeTG] for reading
2017-01-11 14:33:37 INFO  DataLoaderImpl:347 - Looking for relations in the following loads [recipeTG, recipeTG]
2017-01-11 14:33:37 INFO  DataLoaderImpl:193 - Initializing tasks with [1] read threads and [1] loader threads
2017-01-11 14:33:37 INFO  DataLoaderImpl:164 - Scheduling [recipeTG] for reading
2017-01-11 14:33:37 INFO  DataLoaderImpl:164 - Scheduling [recipeTG] for reading
2017-01-11 14:33:37 DEBUG Cluster:1582 - Shutting down
2017-01-11 14:33:37 DEBUG Connection:629 - Connection[localhost/127.0.0.1:9042-1, inFlight=0, closed=true] closing connection
2017-01-11 14:33:37 DEBUG STATES:96 - [localhost/127.0.0.1:9042] Connection[localhost/127.0.0.1:9042-1, inFlight=0, closed=true] closed, remaining = 2
2017-01-11 14:33:37 DEBUG Connection:629 - Connection[localhost/127.0.0.1:9042-2, inFlight=0, closed=true] closing connection
2017-01-11 14:33:37 DEBUG STATES:96 - [localhost/127.0.0.1:9042] Connection[localhost/127.0.0.1:9042-2, inFlight=0, closed=true] closed, remaining = 1
2017-01-11 14:33:37 DEBUG Connection:629 - Connection[localhost/127.0.0.1:9042-3, inFlight=0, closed=true] closing connection
2017-01-11 14:33:37 DEBUG STATES:96 - [localhost/127.0.0.1:9042] Connection[localhost/127.0.0.1:9042-3, inFlight=0, closed=true] closed, remaining = 0
2017-01-11 14:33:37 DEBUG Reporter:69 - Input queue [recipeTG] throughput is [51.353203120097376] items/s
2017-01-11 14:33:37 DEBUG Reporter:75 - Promoted 22 vertices to the persistent cache in 10ms avg put time: 0.45454545454545453ms
2017-01-11 14:33:37 DEBUG Reporter:120 - query times 7: p50 4576.0µs, p80 4576.0µs, p90 4576.0µs, p95 4576.0µs, p99 4576.0µs, p99.9 4576.0µs, p99.99 4576.0µs
2017-01-11 14:33:37 DEBUG Reporter:120 - cache lookups 116: p50 4.0µs, p80 4.0µs, p90 4.0µs, p95 4.0µs, p99 4.0µs, p99.9 4.0µs, p99.99 4.0µs
2017-01-11 14:33:37 INFO  Reporter:92 - ADD Request for 22 vertices 18 edges 47 properties 0 anonymous
2017-01-11 14:33:37 INFO  Reporter:97 - Current total additions: 22 vertices 18 edges 47 properties 0 anonymous
2017-01-11 14:33:37 INFO  Reporter:99 - 87 total elements written
2017-01-11 14:33:39 DEBUG PoolThreadCache:81 - Freed 27 thread-local buffer(s) from thread: cluster1-nio-worker-0
2017-01-11 14:33:39 DEBUG PoolThreadCache:81 - Freed 6 thread-local buffer(s) from thread: cluster1-nio-worker-1
2017-01-11 14:33:39 DEBUG PoolThreadCache:81 - Freed 14 thread-local buffer(s) from thread: cluster1-nio-worker-2
